[2021-09-14 20:15:32] local.ERROR: SQLSTATE[HY000] [1045] Access denied for user 'root'@'localhost' (using password: NO) (SQL: select * from `channels` where `hostname` in (fcs360.online, http://fcs360.online, https://fcs360.online)) {"exception":"[object] (Illuminate\\Database\\QueryException(code: 1045): SQLSTATE[HY000] [1045] Access denied for user 'root'@'localhost' (using password: NO) (SQL: select * from `channels` where `hostname` in (fcs360.online, http://fcs360.online, https://fcs360.online)) at /home/fcs360online/public_html/vendor/laravel/framework/src/Illuminate/Database/Connection.php:678)
[stacktrace]
#0 /home/fcs360online/public_html/vendor/laravel/framework/src/Illuminate/Database/Connection.php(638): Illuminate\\Database\\Connection->runQueryCallback('select * from `...', Array, Object(Closure))
#1 /home/fcs360online/public_html/vendor/laravel/framework/src/Illuminate/Database/Connection.php(346): Illuminate\\Database\\Connection->run('select * from `...', Array, Object(Closure))
#2 /home/fcs360online/public_html/vendor/laravel/framework/src/Illuminate/Database/Query/Builder.php(2315): Illuminate\\Database\\Connection->select('select * from `...', Array, true)
#3 /home/fcs360online/public_html/vendor/laravel/framework/src/Illuminate/Database/Query/Builder.php(2303): Illuminate\\Database\\Query\\Builder->runSelect()
#4 /home/fcs360online/public_html/vendor/laravel/framework/src/Illuminate/Database/Query/Builder.php(2867): Illuminate\\Database\\Query\\Builder->Illuminate\\Database\\Query\\{closure}()
#5 /home/fcs360online/public_html/vendor/laravel/framework/src/Illuminate/Database/Query/Builder.php(2304): Illuminate\\Database\\Query\\Builder->onceWithColumns(Array, Object(Closure))
#6 /home/fcs360online/public_html/vendor/laravel/framework/src/Illuminate/Database/Eloquent/Builder.php(598): Illuminate\\Database\\Query\\Builder->get(Array)
#7 /home/fcs360online/public_html/vendor/laravel/framework/src/Illuminate/Database/Eloquent/Builder.php(582): Illuminate\\Database\\Eloquent\\Builder->getModels(Array)
#8 /home/fcs360online/public_html/vendor/prettus/l5-repository/src/Prettus/Repository/Eloquent/BaseRepository.php(573): Illuminate\\Database\\Eloquent\\Builder->get(Array)
#9 /home/fcs360online/public_html/packages/Webkul/Core/src/Core.php(161): Prettus\\Repository\\Eloquent\\BaseRepository->findWhereIn('hostname', Array)
#10 /home/fcs360online/public_html/packages/Webkul/Core/src/Http/Middleware/CheckForMaintenanceMode.php(124): Webkul\\Core\\Core->getCurrentChannel()
#11 /home/fcs360online/public_html/packages/Webkul/Core/src/Http/Middleware/CheckForMaintenanceMode.php(56): Webkul\\Core\\Http\\Middleware\\CheckForMaintenanceMode->setAllowedIps()
#12 [internal function]: Webkul\\Core\\Http\\Middleware\\CheckForMaintenanceMode->__construct(Object(Illuminate\\Foundation\\Application))
#13 /home/fcs360online/public_html/vendor/laravel/framework/src/Illuminate/Container/Container.php(877): ReflectionClass->newInstanceArgs(Array)
#14 /home/fcs360online/public_html/vendor/laravel/framework/src/Illuminate/Container/Container.php(714): Illuminate\\Container\\Container->build('Webkul\\\\Core\\\\Htt...')
#15 /home/fcs360online/public_html/vendor/laravel/framework/src/Illuminate/Foundation/Application.php(841): Illuminate\\Container\\Container->resolve('Webkul\\\\Core\\\\Htt...', Array, true)
#16 /home/fcs360online/public_html/vendor/laravel/framework/src/Illuminate/Container/Container.php(652): Illuminate\\Foundation\\Application->resolve('Webkul\\\\Core\\\\Htt...', Array)
#17 /home/fcs360online/public_html/vendor/laravel/framework/src/Illuminate/Foundation/Application.php(826): Illuminate\\Container\\Container->make('Webkul\\\\Core\\\\Htt...', Array)
#18 /home/fcs360online/public_html/vendor/laravel/framework/src/Illuminate/Pipeline/Pipeline.php(156): Illuminate\\Foundation\\Application->make('Webkul\\\\Core\\\\Htt...')
#19 /home/fcs360online/public_html/vendor/laravel/framework/src/Illuminate/Pipeline/Pipeline.php(103): Illuminate\\Pipeline\\Pipeline->Illuminate\\Pipeline\\{closure}(Object(Illuminate\\Http\\Request))
#20 /home/fcs360online/public_html/vendor/laravel/framework/src/Illuminate/Foundation/Http/Kernel.php(141): Illuminate\\Pipeline\\Pipeline->then(Object(Closure))
#21 /home/fcs360online/public_html/vendor/laravel/framework/src/Illuminate/Foundation/Http/Kernel.php(110): Illuminate\\Foundation\\Http\\Kernel->sendRequestThroughRouter(Object(Illuminate\\Http\\Request))
#22 /home/fcs360online/public_html/public/index.php(87): Illuminate\\Foundation\\Http\\Kernel->handle(Object(Illuminate\\Http\\Request))
#23 {main}

[previous exception] [object] (Doctrine\\DBAL\\Driver\\PDO\\Exception(code: 1045): SQLSTATE[HY000] [1045] Access denied for user 'root'@'localhost' (using password: NO) at /home/fcs360online/public_html/vendor/doctrine/dbal/lib/Doctrine/DBAL/Driver/PDO/Exception.php:18)
[stacktrace]
#0 /home/fcs360online/public_html/vendor/doctrine/dbal/lib/Doctrine/DBAL/Driver/PDOConnection.php(43): Doctrine\\DBAL\\Driver\\PDO\\Exception::new(Object(PDOException))
#1 /home/fcs360online/public_html/vendor/laravel/framework/src/Illuminate/Database/Connectors/Connector.php(67): Doctrine\\DBAL\\Driver\\PDOConnection->__construct('mysql:host=127....', 'root', '', Array)
#2 /home/fcs360online/public_html/vendor/laravel/framework/src/Illuminate/Database/Connectors/Connector.php(46): Illuminate\\Database\\Connectors\\Connector->createPdoConnection('mysql:host=127....', 'root', '', Array)
#3 /home/fcs360online/public_html/vendor/laravel/framework/src/Illuminate/Database/Connectors/MySqlConnector.php(24): Illuminate\\Database\\Connectors\\Connector->createConnection('mysql:host=127....', Array, Array)
#4 /home/fcs360online/public_html/vendor/laravel/framework/src/Illuminate/Database/Connectors/ConnectionFactory.php(184): Illuminate\\Database\\Connectors\\MySqlConnector->connect(Array)
#5 [internal function]: Illuminate\\Database\\Connectors\\ConnectionFactory->Illuminate\\Database\\Connectors\\{closure}()
#6 /home/fcs360online/public_html/vendor/laravel/framework/src/Illuminate/Database/Connection.php(949): call_user_func(Object(Closure))
#7 /home/fcs360online/public_html/vendor/laravel/framework/src/Illuminate/Database/Connection.php(984): Illuminate\\Database\\Connection->getPdo()
#8 /home/fcs360online/public_html/vendor/laravel/framework/src/Illuminate/Database/Connection.php(412): Illuminate\\Database\\Connection->getReadPdo()
#9 /home/fcs360online/public_html/vendor/laravel/framework/src/Illuminate/Database/Connection.php(338): Illuminate\\Database\\Connection->getPdoForSelect(true)
#10 /home/fcs360online/public_html/vendor/laravel/framework/src/Illuminate/Database/Connection.php(671): Illuminate\\Database\\Connection->Illuminate\\Database\\{closure}('select * from `...', Array)
#11 /home/fcs360online/public_html/vendor/laravel/framework/src/Illuminate/Database/Connection.php(638): Illuminate\\Database\\Connection->runQueryCallback('select * from `...', Array, Object(Closure))
#12 /home/fcs360online/public_html/vendor/laravel/framework/src/Illuminate/Database/Connection.php(346): Illuminate\\Database\\Connection->run('select * from `...', Array, Object(Closure))
#13 /home/fcs360online/public_html/vendor/laravel/framework/src/Illuminate/Database/Query/Builder.php(2315): Illuminate\\Database\\Connection->select('select * from `...', Array, true)
#14 /home/fcs360online/public_html/vendor/laravel/framework/src/Illuminate/Database/Query/Builder.php(2303): Illuminate\\Database\\Query\\Builder->runSelect()
#15 /home/fcs360online/public_html/vendor/laravel/framework/src/Illuminate/Database/Query/Builder.php(2867): Illuminate\\Database\\Query\\Builder->Illuminate\\Database\\Query\\{closure}()
#16 /home/fcs360online/public_html/vendor/laravel/framework/src/Illuminate/Database/Query/Builder.php(2304): Illuminate\\Database\\Query\\Builder->onceWithColumns(Array, Object(Closure))
#17 /home/fcs360online/public_html/vendor/laravel/framework/src/Illuminate/Database/Eloquent/Builder.php(598): Illuminate\\Database\\Query\\Builder->get(Array)
#18 /home/fcs360online/public_html/vendor/laravel/framework/src/Illuminate/Database/Eloquent/Builder.php(582): Illuminate\\Database\\Eloquent\\Builder->getModels(Array)
#19 /home/fcs360online/public_html/vendor/prettus/l5-repository/src/Prettus/Repository/Eloquent/BaseRepository.php(573): Illuminate\\Database\\Eloquent\\Builder->get(Array)
#20 /home/fcs360online/public_html/packages/Webkul/Core/src/Core.php(161): Prettus\\Repository\\Eloquent\\BaseRepository->findWhereIn('hostname', Array)
#21 /home/fcs360online/public_html/packages/Webkul/Core/src/Http/Middleware/CheckForMaintenanceMode.php(124): Webkul\\Core\\Core->getCurrentChannel()
#22 /home/fcs360online/public_html/packages/Webkul/Core/src/Http/Middleware/CheckForMaintenanceMode.php(56): Webkul\\Core\\Http\\Middleware\\CheckForMaintenanceMode->setAllowedIps()
#23 [internal function]: Webkul\\Core\\Http\\Middleware\\CheckForMaintenanceMode->__construct(Object(Illuminate\\Foundation\\Application))
#24 /home/fcs360online/public_html/vendor/laravel/framework/src/Illuminate/Container/Container.php(877): ReflectionClass->newInstanceArgs(Array)
#25 /home/fcs360online/public_html/vendor/laravel/framework/src/Illuminate/Container/Container.php(714): Illuminate\\Container\\Container->build('Webkul\\\\Core\\\\Htt...')
#26 /home/fcs360online/public_html/vendor/laravel/framework/src/Illuminate/Foundation/Application.php(841): Illuminate\\Container\\Container->resolve('Webkul\\\\Core\\\\Htt...', Array, true)
#27 /home/fcs360online/public_html/vendor/laravel/framework/src/Illuminate/Container/Container.php(652): Illuminate\\Foundation\\Application->resolve('Webkul\\\\Core\\\\Htt...', Array)
#28 /home/fcs360online/public_html/vendor/laravel/framework/src/Illuminate/Foundation/Application.php(826): Illuminate\\Container\\Container->make('Webkul\\\\Core\\\\Htt...', Array)
#29 /home/fcs360online/public_html/vendor/laravel/framework/src/Illuminate/Pipeline/Pipeline.php(156): Illuminate\\Foundation\\Application->make('Webkul\\\\Core\\\\Htt...')
#30 /home/fcs360online/public_html/vendor/laravel/framework/src/Illuminate/Pipeline/Pipeline.php(103): Illuminate\\Pipeline\\Pipeline->Illuminate\\Pipeline\\{closure}(Object(Illuminate\\Http\\Request))
#31 /home/fcs360online/public_html/vendor/laravel/framework/src/Illuminate/Foundation/Http/Kernel.php(141): Illuminate\\Pipeline\\Pipeline->then(Object(Closure))
#32 /home/fcs360online/public_html/vendor/laravel/framework/src/Illuminate/Foundation/Http/Kernel.php(110): Illuminate\\Foundation\\Http\\Kernel->sendRequestThroughRouter(Object(Illuminate\\Http\\Request))
#33 /home/fcs360online/public_html/public/index.php(87): Illuminate\\Foundation\\Http\\Kernel->handle(Object(Illuminate\\Http\\Request))
#34 {main}

[previous exception] [object] (PDOException(code: 1045): SQLSTATE[HY000] [1045] Access denied for user 'root'@'localhost' (using password: NO) at /home/fcs360online/public_html/vendor/doctrine/dbal/lib/Doctrine/DBAL/Driver/PDOConnection.php:39)
[stacktrace]
#0 /home/fcs360online/public_html/vendor/doctrine/dbal/lib/Doctrine/DBAL/Driver/PDOConnection.php(39): PDO->__construct('mysql:host=127....', 'root', '', Array)
#1 /home/fcs360online/public_html/vendor/laravel/framework/src/Illuminate/Database/Connectors/Connector.php(67): Doctrine\\DBAL\\Driver\\PDOConnection->__construct('mysql:host=127....', 'root', '', Array)
#2 /home/fcs360online/public_html/vendor/laravel/framework/src/Illuminate/Database/Connectors/Connector.php(46): Illuminate\\Database\\Connectors\\Connector->createPdoConnection('mysql:host=127....', 'root', '', Array)
#3 /home/fcs360online/public_html/vendor/laravel/framework/src/Illuminate/Database/Connectors/MySqlConnector.php(24): Illuminate\\Database\\Connectors\\Connector->createConnection('mysql:host=127....', Array, Array)
#4 /home/fcs360online/public_html/vendor/laravel/framework/src/Illuminate/Database/Connectors/ConnectionFactory.php(184): Illuminate\\Database\\Connectors\\MySqlConnector->connect(Array)
#5 [internal function]: Illuminate\\Database\\Connectors\\ConnectionFactory->Illuminate\\Database\\Connectors\\{closure}()
#6 /home/fcs360online/public_html/vendor/laravel/framework/src/Illuminate/Database/Connection.php(949): call_user_func(Object(Closure))
#7 /home/fcs360online/public_html/vendor/laravel/framework/src/Illuminate/Database/Connection.php(984): Illuminate\\Database\\Connection->getPdo()
#8 /home/fcs360online/public_html/vendor/laravel/framework/src/Illuminate/Database/Connection.php(412): Illuminate\\Database\\Connection->getReadPdo()
#9 /home/fcs360online/public_html/vendor/laravel/framework/src/Illuminate/Database/Connection.php(338): Illuminate\\Database\\Connection->getPdoForSelect(true)
#10 /home/fcs360online/public_html/vendor/laravel/framework/src/Illuminate/Database/Connection.php(671): Illuminate\\Database\\Connection->Illuminate\\Database\\{closure}('select * from `...', Array)
#11 /home/fcs360online/public_html/vendor/laravel/framework/src/Illuminate/Database/Connection.php(638): Illuminate\\Database\\Connection->runQueryCallback('select * from `...', Array, Object(Closure))
#12 /home/fcs360online/public_html/vendor/laravel/framework/src/Illuminate/Database/Connection.php(346): Illuminate\\Database\\Connection->run('select * from `...', Array, Object(Closure))
#13 /home/fcs360online/public_html/vendor/laravel/framework/src/Illuminate/Database/Query/Builder.php(2315): Illuminate\\Database\\Connection->select('select * from `...', Array, true)
#14 /home/fcs360online/public_html/vendor/laravel/framework/src/Illuminate/Database/Query/Builder.php(2303): Illuminate\\Database\\Query\\Builder->runSelect()
#15 /home/fcs360online/public_html/vendor/laravel/framework/src/Illuminate/Database/Query/Builder.php(2867): Illuminate\\Database\\Query\\Builder->Illuminate\\Database\\Query\\{closure}()
#16 /home/fcs360online/public_html/vendor/laravel/framework/src/Illuminate/Database/Query/Builder.php(2304): Illuminate\\Database\\Query\\Builder->onceWithColumns(Array, Object(Closure))
#17 /home/fcs360online/public_html/vendor/laravel/framework/src/Illuminate/Database/Eloquent/Builder.php(598): Illuminate\\Database\\Query\\Builder->get(Array)
#18 /home/fcs360online/public_html/vendor/laravel/framework/src/Illuminate/Database/Eloquent/Builder.php(582): Illuminate\\Database\\Eloquent\\Builder->getModels(Array)
#19 /home/fcs360online/public_html/vendor/prettus/l5-repository/src/Prettus/Repository/Eloquent/BaseRepository.php(573): Illuminate\\Database\\Eloquent\\Builder->get(Array)
#20 /home/fcs360online/public_html/packages/Webkul/Core/src/Core.php(161): Prettus\\Repository\\Eloquent\\BaseRepository->findWhereIn('hostname', Array)
#21 /home/fcs360online/public_html/packages/Webkul/Core/src/Http/Middleware/CheckForMaintenanceMode.php(124): Webkul\\Core\\Core->getCurrentChannel()
#22 /home/fcs360online/public_html/packages/Webkul/Core/src/Http/Middleware/CheckForMaintenanceMode.php(56): Webkul\\Core\\Http\\Middleware\\CheckForMaintenanceMode->setAllowedIps()
#23 [internal function]: Webkul\\Core\\Http\\Middleware\\CheckForMaintenanceMode->__construct(Object(Illuminate\\Foundation\\Application))
#24 /home/fcs360online/public_html/vendor/laravel/framework/src/Illuminate/Container/Container.php(877): ReflectionClass->newInstanceArgs(Array)
#25 /home/fcs360online/public_html/vendor/laravel/framework/src/Illuminate/Container/Container.php(714): Illuminate\\Container\\Container->build('Webkul\\\\Core\\\\Htt...')
#26 /home/fcs360online/public_html/vendor/laravel/framework/src/Illuminate/Foundation/Application.php(841): Illuminate\\Container\\Container->resolve('Webkul\\\\Core\\\\Htt...', Array, true)
#27 /home/fcs360online/public_html/vendor/laravel/framework/src/Illuminate/Container/Container.php(652): Illuminate\\Foundation\\Application->resolve('Webkul\\\\Core\\\\Htt...', Array)
#28 /home/fcs360online/public_html/vendor/laravel/framework/src/Illuminate/Foundation/Application.php(826): Illuminate\\Container\\Container->make('Webkul\\\\Core\\\\Htt...', Array)
#29 /home/fcs360online/public_html/vendor/laravel/framework/src/Illuminate/Pipeline/Pipeline.php(156): Illuminate\\Foundation\\Application->make('Webkul\\\\Core\\\\Htt...')
#30 /home/fcs360online/public_html/vendor/laravel/framework/src/Illuminate/Pipeline/Pipeline.php(103): Illuminate\\Pipeline\\Pipeline->Illuminate\\Pipeline\\{closure}(Object(Illuminate\\Http\\Request))
#31 /home/fcs360online/public_html/vendor/laravel/framework/src/Illuminate/Foundation/Http/Kernel.php(141): Illuminate\\Pipeline\\Pipeline->then(Object(Closure))
#32 /home/fcs360online/public_html/vendor/laravel/framework/src/Illuminate/Foundation/Http/Kernel.php(110): Illuminate\\Foundation\\Http\\Kernel->sendRequestThroughRouter(Object(Illuminate\\Http\\Request))
#33 /home/fcs360online/public_html/public/index.php(87): Illuminate\\Foundation\\Http\\Kernel->handle(Object(Illuminate\\Http\\Request))
#34 {main}
"} 
[2021-09-14 20:15:32] local.ERROR: SQLSTATE[HY000] [1045] Access denied for user 'root'@'localhost' (using password: NO) (SQL: select * from `channels` where `hostname` in (fcs360.online, http://fcs360.online, https://fcs360.online)) {"exception":"[object] (Illuminate\\Database\\QueryException(code: 1045): SQLSTATE[HY000] [1045] Access denied for user 'root'@'localhost' (using password: NO) (SQL: select * from `channels` where `hostname` in (fcs360.online, http://fcs360.online, https://fcs360.online)) at /home/fcs360online/public_html/vendor/laravel/framework/src/Illuminate/Database/Connection.php:678)
[stacktrace]
#0 /home/fcs360online/public_html/vendor/laravel/framework/src/Illuminate/Database/Connection.php(638): Illuminate\\Database\\Connection->runQueryCallback('select * from `...', Array, Object(Closure))
#1 /home/fcs360online/public_html/vendor/laravel/framework/src/Illuminate/Database/Connection.php(346): Illuminate\\Database\\Connection->run('select * from `...', Array, Object(Closure))
#2 /home/fcs360online/public_html/vendor/laravel/framework/src/Illuminate/Database/Query/Builder.php(2315): Illuminate\\Database\\Connection->select('select * from `...', Array, true)
#3 /home/fcs360online/public_html/vendor/laravel/framework/src/Illuminate/Database/Query/Builder.php(2303): Illuminate\\Database\\Query\\Builder->runSelect()
#4 /home/fcs360online/public_html/vendor/laravel/framework/src/Illuminate/Database/Query/Builder.php(2867): Illuminate\\Database\\Query\\Builder->Illuminate\\Database\\Query\\{closure}()
#5 /home/fcs360online/public_html/vendor/laravel/framework/src/Illuminate/Database/Query/Builder.php(2304): Illuminate\\Database\\Query\\Builder->onceWithColumns(Array, Object(Closure))
#6 /home/fcs360online/public_html/vendor/laravel/framework/src/Illuminate/Database/Eloquent/Builder.php(598): Illuminate\\Database\\Query\\Builder->get(Array)
#7 /home/fcs360online/public_html/vendor/laravel/framework/src/Illuminate/Database/Eloquent/Builder.php(582): Illuminate\\Database\\Eloquent\\Builder->getModels(Array)
#8 /home/fcs360online/public_html/vendor/prettus/l5-repository/src/Prettus/Repository/Eloquent/BaseRepository.php(573): Illuminate\\Database\\Eloquent\\Builder->get(Array)
#9 /home/fcs360online/public_html/packages/Webkul/Core/src/Core.php(161): Prettus\\Repository\\Eloquent\\BaseRepository->findWhereIn('hostname', Array)
#10 /home/fcs360online/public_html/packages/Webkul/Core/src/Http/Middleware/CheckForMaintenanceMode.php(124): Webkul\\Core\\Core->getCurrentChannel()
#11 /home/fcs360online/public_html/packages/Webkul/Core/src/Http/Middleware/CheckForMaintenanceMode.php(56): Webkul\\Core\\Http\\Middleware\\CheckForMaintenanceMode->setAllowedIps()
#12 [internal function]: Webkul\\Core\\Http\\Middleware\\CheckForMaintenanceMode->__construct(Object(Illuminate\\Foundation\\Application))
#13 /home/fcs360online/public_html/vendor/laravel/framework/src/Illuminate/Container/Container.php(877): ReflectionClass->newInstanceArgs(Array)
#14 /home/fcs360online/public_html/vendor/laravel/framework/src/Illuminate/Container/Container.php(714): Illuminate\\Container\\Container->build('Webkul\\\\Core\\\\Htt...')
#15 /home/fcs360online/public_html/vendor/laravel/framework/src/Illuminate/Foundation/Application.php(841): Illuminate\\Container\\Container->resolve('Webkul\\\\Core\\\\Htt...', Array, true)
#16 /home/fcs360online/public_html/vendor/laravel/framework/src/Illuminate/Container/Container.php(652): Illuminate\\Foundation\\Application->resolve('Webkul\\\\Core\\\\Htt...', Array)
#17 /home/fcs360online/public_html/vendor/laravel/framework/src/Illuminate/Foundation/Application.php(826): Illuminate\\Container\\Container->make('Webkul\\\\Core\\\\Htt...', Array)
#18 /home/fcs360online/public_html/vendor/laravel/framework/src/Illuminate/Foundation/Http/Kernel.php(205): Illuminate\\Foundation\\Application->make('Webkul\\\\Core\\\\Htt...')
#19 /home/fcs360online/public_html/vendor/laravel/framework/src/Illuminate/Foundation/Http/Kernel.php(179): Illuminate\\Foundation\\Http\\Kernel->terminateMiddleware(Object(Illuminate\\Http\\Request), Object(Illuminate\\Http\\Response))
#20 /home/fcs360online/public_html/public/index.php(92): Illuminate\\Foundation\\Http\\Kernel->terminate(Object(Illuminate\\Http\\Request), Object(Illuminate\\Http\\Response))
#21 {main}

[previous exception] [object] (Doctrine\\DBAL\\Driver\\PDO\\Exception(code: 1045): SQLSTATE[HY000] [1045] Access denied for user 'root'@'localhost' (using password: NO) at /home/fcs360online/public_html/vendor/doctrine/dbal/lib/Doctrine/DBAL/Driver/PDO/Exception.php:18)
[stacktrace]
#0 /home/fcs360online/public_html/vendor/doctrine/dbal/lib/Doctrine/DBAL/Driver/PDOConnection.php(43): Doctrine\\DBAL\\Driver\\PDO\\Exception::new(Object(PDOException))
#1 /home/fcs360online/public_html/vendor/laravel/framework/src/Illuminate/Database/Connectors/Connector.php(67): Doctrine\\DBAL\\Driver\\PDOConnection->__construct('mysql:host=127....', 'root', '', Array)
#2 /home/fcs360online/public_html/vendor/laravel/framework/src/Illuminate/Database/Connectors/Connector.php(46): Illuminate\\Database\\Connectors\\Connector->createPdoConnection('mysql:host=127....', 'root', '', Array)
#3 /home/fcs360online/public_html/vendor/laravel/framework/src/Illuminate/Database/Connectors/MySqlConnector.php(24): Illuminate\\Database\\Connectors\\Connector->createConnection('mysql:host=127....', Array, Array)
#4 /home/fcs360online/public_html/vendor/laravel/framework/src/Illuminate/Database/Connectors/ConnectionFactory.php(184): Illuminate\\Database\\Connectors\\MySqlConnector->connect(Array)
#5 [internal function]: Illuminate\\Database\\Connectors\\ConnectionFactory->Illuminate\\Database\\Connectors\\{closure}()
#6 /home/fcs360online/public_html/vendor/laravel/framework/src/Illuminate/Database/Connection.php(949): call_user_func(Object(Closure))
#7 /home/fcs360online/public_html/vendor/laravel/framework/src/Illuminate/Database/Connection.php(984): Illuminate\\Database\\Connection->getPdo()
#8 /home/fcs360online/public_html/vendor/laravel/framework/src/Illuminate/Database/Connection.php(412): Illuminate\\Database\\Connection->getReadPdo()
#9 /home/fcs360online/public_html/vendor/laravel/framework/src/Illuminate/Database/Connection.php(338): Illuminate\\Database\\Connection->getPdoForSelect(true)
#10 /home/fcs360online/public_html/vendor/laravel/framework/src/Illuminate/Database/Connection.php(671): Illuminate\\Database\\Connection->Illuminate\\Database\\{closure}('select * from `...', Array)
#11 /home/fcs360online/public_html/vendor/laravel/framework/src/Illuminate/Database/Connection.php(638): Illuminate\\Database\\Connection->runQueryCallback('select * from `...', Array, Object(Closure))
#12 /home/fcs360online/public_html/vendor/laravel/framework/src/Illuminate/Database/Connection.php(346): Illuminate\\Database\\Connection->run('select * from `...', Array, Object(Closure))
#13 /home/fcs360online/public_html/vendor/laravel/framework/src/Illuminate/Database/Query/Builder.php(2315): Illuminate\\Database\\Connection->select('select * from `...', Array, true)
#14 /home/fcs360online/public_html/vendor/laravel/framework/src/Illuminate/Database/Query/Builder.php(2303): Illuminate\\Database\\Query\\Builder->runSelect()
#15 /home/fcs360online/public_html/vendor/laravel/framework/src/Illuminate/Database/Query/Builder.php(2867): Illuminate\\Database\\Query\\Builder->Illuminate\\Database\\Query\\{closure}()
#16 /home/fcs360online/public_html/vendor/laravel/framework/src/Illuminate/Database/Query/Builder.php(2304): Illuminate\\Database\\Query\\Builder->onceWithColumns(Array, Object(Closure))
#17 /home/fcs360online/public_html/vendor/laravel/framework/src/Illuminate/Database/Eloquent/Builder.php(598): Illuminate\\Database\\Query\\Builder->get(Array)
#18 /home/fcs360online/public_html/vendor/laravel/framework/src/Illuminate/Database/Eloquent/Builder.php(582): Illuminate\\Database\\Eloquent\\Builder->getModels(Array)
#19 /home/fcs360online/public_html/vendor/prettus/l5-repository/src/Prettus/Repository/Eloquent/BaseRepository.php(573): Illuminate\\Database\\Eloquent\\Builder->get(Array)
#20 /home/fcs360online/public_html/packages/Webkul/Core/src/Core.php(161): Prettus\\Repository\\Eloquent\\BaseRepository->findWhereIn('hostname', Array)
#21 /home/fcs360online/public_html/packages/Webkul/Core/src/Http/Middleware/CheckForMaintenanceMode.php(124): Webkul\\Core\\Core->getCurrentChannel()
#22 /home/fcs360online/public_html/packages/Webkul/Core/src/Http/Middleware/CheckForMaintenanceMode.php(56): Webkul\\Core\\Http\\Middleware\\CheckForMaintenanceMode->setAllowedIps()
#23 [internal function]: Webkul\\Core\\Http\\Middleware\\CheckForMaintenanceMode->__construct(Object(Illuminate\\Foundation\\Application))
#24 /home/fcs360online/public_html/vendor/laravel/framework/src/Illuminate/Container/Container.php(877): ReflectionClass->newInstanceArgs(Array)
#25 /home/fcs360online/public_html/vendor/laravel/framework/src/Illuminate/Container/Container.php(714): Illuminate\\Container\\Container->build('Webkul\\\\Core\\\\Htt...')
#26 /home/fcs360online/public_html/vendor/laravel/framework/src/Illuminate/Foundation/Application.php(841): Illuminate\\Container\\Container->resolve('Webkul\\\\Core\\\\Htt...', Array, true)
#27 /home/fcs360online/public_html/vendor/laravel/framework/src/Illuminate/Container/Container.php(652): Illuminate\\Foundation\\Application->resolve('Webkul\\\\Core\\\\Htt...', Array)
#28 /home/fcs360online/public_html/vendor/laravel/framework/src/Illuminate/Foundation/Application.php(826): Illuminate\\Container\\Container->make('Webkul\\\\Core\\\\Htt...', Array)
#29 /home/fcs360online/public_html/vendor/laravel/framework/src/Illuminate/Foundation/Http/Kernel.php(205): Illuminate\\Foundation\\Application->make('Webkul\\\\Core\\\\Htt...')
#30 /home/fcs360online/public_html/vendor/laravel/framework/src/Illuminate/Foundation/Http/Kernel.php(179): Illuminate\\Foundation\\Http\\Kernel->terminateMiddleware(Object(Illuminate\\Http\\Request), Object(Illuminate\\Http\\Response))
#31 /home/fcs360online/public_html/public/index.php(92): Illuminate\\Foundation\\Http\\Kernel->terminate(Object(Illuminate\\Http\\Request), Object(Illuminate\\Http\\Response))
#32 {main}

[previous exception] [object] (PDOException(code: 1045): SQLSTATE[HY000] [1045] Access denied for user 'root'@'localhost' (using password: NO) at /home/fcs360online/public_html/vendor/doctrine/dbal/lib/Doctrine/DBAL/Driver/PDOConnection.php:39)
[stacktrace]
#0 /home/fcs360online/public_html/vendor/doctrine/dbal/lib/Doctrine/DBAL/Driver/PDOConnection.php(39): PDO->__construct('mysql:host=127....', 'root', '', Array)
#1 /home/fcs360online/public_html/vendor/laravel/framework/src/Illuminate/Database/Connectors/Connector.php(67): Doctrine\\DBAL\\Driver\\PDOConnection->__construct('mysql:host=127....', 'root', '', Array)
#2 /home/fcs360online/public_html/vendor/laravel/framework/src/Illuminate/Database/Connectors/Connector.php(46): Illuminate\\Database\\Connectors\\Connector->createPdoConnection('mysql:host=127....', 'root', '', Array)
#3 /home/fcs360online/public_html/vendor/laravel/framework/src/Illuminate/Database/Connectors/MySqlConnector.php(24): Illuminate\\Database\\Connectors\\Connector->createConnection('mysql:host=127....', Array, Array)
#4 /home/fcs360online/public_html/vendor/laravel/framework/src/Illuminate/Database/Connectors/ConnectionFactory.php(184): Illuminate\\Database\\Connectors\\MySqlConnector->connect(Array)
#5 [internal function]: Illuminate\\Database\\Connectors\\ConnectionFactory->Illuminate\\Database\\Connectors\\{closure}()
#6 /home/fcs360online/public_html/vendor/laravel/framework/src/Illuminate/Database/Connection.php(949): call_user_func(Object(Closure))
#7 /home/fcs360online/public_html/vendor/laravel/framework/src/Illuminate/Database/Connection.php(984): Illuminate\\Database\\Connection->getPdo()
#8 /home/fcs360online/public_html/vendor/laravel/framework/src/Illuminate/Database/Connection.php(412): Illuminate\\Database\\Connection->getReadPdo()
#9 /home/fcs360online/public_html/vendor/laravel/framework/src/Illuminate/Database/Connection.php(338): Illuminate\\Database\\Connection->getPdoForSelect(true)
#10 /home/fcs360online/public_html/vendor/laravel/framework/src/Illuminate/Database/Connection.php(671): Illuminate\\Database\\Connection->Illuminate\\Database\\{closure}('select * from `...', Array)
#11 /home/fcs360online/public_html/vendor/laravel/framework/src/Illuminate/Database/Connection.php(638): Illuminate\\Database\\Connection->runQueryCallback('select * from `...', Array, Object(Closure))
#12 /home/fcs360online/public_html/vendor/laravel/framework/src/Illuminate/Database/Connection.php(346): Illuminate\\Database\\Connection->run('select * from `...', Array, Object(Closure))
#13 /home/fcs360online/public_html/vendor/laravel/framework/src/Illuminate/Database/Query/Builder.php(2315): Illuminate\\Database\\Connection->select('select * from `...', Array, true)
#14 /home/fcs360online/public_html/vendor/laravel/framework/src/Illuminate/Database/Query/Builder.php(2303): Illuminate\\Database\\Query\\Builder->runSelect()
#15 /home/fcs360online/public_html/vendor/laravel/framework/src/Illuminate/Database/Query/Builder.php(2867): Illuminate\\Database\\Query\\Builder->Illuminate\\Database\\Query\\{closure}()
#16 /home/fcs360online/public_html/vendor/laravel/framework/src/Illuminate/Database/Query/Builder.php(2304): Illuminate\\Database\\Query\\Builder->onceWithColumns(Array, Object(Closure))
#17 /home/fcs360online/public_html/vendor/laravel/framework/src/Illuminate/Database/Eloquent/Builder.php(598): Illuminate\\Database\\Query\\Builder->get(Array)
#18 /home/fcs360online/public_html/vendor/laravel/framework/src/Illuminate/Database/Eloquent/Builder.php(582): Illuminate\\Database\\Eloquent\\Builder->getModels(Array)
#19 /home/fcs360online/public_html/vendor/prettus/l5-repository/src/Prettus/Repository/Eloquent/BaseRepository.php(573): Illuminate\\Database\\Eloquent\\Builder->get(Array)
#20 /home/fcs360online/public_html/packages/Webkul/Core/src/Core.php(161): Prettus\\Repository\\Eloquent\\BaseRepository->findWhereIn('hostname', Array)
#21 /home/fcs360online/public_html/packages/Webkul/Core/src/Http/Middleware/CheckForMaintenanceMode.php(124): Webkul\\Core\\Core->getCurrentChannel()
#22 /home/fcs360online/public_html/packages/Webkul/Core/src/Http/Middleware/CheckForMaintenanceMode.php(56): Webkul\\Core\\Http\\Middleware\\CheckForMaintenanceMode->setAllowedIps()
#23 [internal function]: Webkul\\Core\\Http\\Middleware\\CheckForMaintenanceMode->__construct(Object(Illuminate\\Foundation\\Application))
#24 /home/fcs360online/public_html/vendor/laravel/framework/src/Illuminate/Container/Container.php(877): ReflectionClass->newInstanceArgs(Array)
#25 /home/fcs360online/public_html/vendor/laravel/framework/src/Illuminate/Container/Container.php(714): Illuminate\\Container\\Container->build('Webkul\\\\Core\\\\Htt...')
#26 /home/fcs360online/public_html/vendor/laravel/framework/src/Illuminate/Foundation/Application.php(841): Illuminate\\Container\\Container->resolve('Webkul\\\\Core\\\\Htt...', Array, true)
#27 /home/fcs360online/public_html/vendor/laravel/framework/src/Illuminate/Container/Container.php(652): Illuminate\\Foundation\\Application->resolve('Webkul\\\\Core\\\\Htt...', Array)
#28 /home/fcs360online/public_html/vendor/laravel/framework/src/Illuminate/Foundation/Application.php(826): Illuminate\\Container\\Container->make('Webkul\\\\Core\\\\Htt...', Array)
#29 /home/fcs360online/public_html/vendor/laravel/framework/src/Illuminate/Foundation/Http/Kernel.php(205): Illuminate\\Foundation\\Application->make('Webkul\\\\Core\\\\Htt...')
#30 /home/fcs360online/public_html/vendor/laravel/framework/src/Illuminate/Foundation/Http/Kernel.php(179): Illuminate\\Foundation\\Http\\Kernel->terminateMiddleware(Object(Illuminate\\Http\\Request), Object(Illuminate\\Http\\Response))
#31 /home/fcs360online/public_html/public/index.php(92): Illuminate\\Foundation\\Http\\Kernel->terminate(Object(Illuminate\\Http\\Request), Object(Illuminate\\Http\\Response))
#32 {main}
"} 
[2021-09-14 20:23:39] local.ERROR: SQLSTATE[HY000] [1045] Access denied for user 'root'@'localhost' (using password: NO) (SQL: select * from `channels` where `hostname` in (fcs360.online, http://fcs360.online, https://fcs360.online)) {"exception":"[object] (Illuminate\\Database\\QueryException(code: 1045): SQLSTATE[HY000] [1045] Access denied for user 'root'@'localhost' (using password: NO) (SQL: select * from `channels` where `hostname` in (fcs360.online, http://fcs360.online, https://fcs360.online)) at /home/fcs360online/public_html/vendor/laravel/framework/src/Illuminate/Database/Connection.php:678)
[stacktrace]
#0 /home/fcs360online/public_html/vendor/laravel/framework/src/Illuminate/Database/Connection.php(638): Illuminate\\Database\\Connection->runQueryCallback('select * from `...', Array, Object(Closure))
#1 /home/fcs360online/public_html/vendor/laravel/framework/src/Illuminate/Database/Connection.php(346): Illuminate\\Database\\Connection->run('select * from `...', Array, Object(Closure))
#2 /home/fcs360online/public_html/vendor/laravel/framework/src/Illuminate/Database/Query/Builder.php(2315): Illuminate\\Database\\Connection->select('select * from `...', Array, true)
#3 /home/fcs360online/public_html/vendor/laravel/framework/src/Illuminate/Database/Query/Builder.php(2303): Illuminate\\Database\\Query\\Builder->runSelect()
#4 /home/fcs360online/public_html/vendor/laravel/framework/src/Illuminate/Database/Query/Builder.php(2867): Illuminate\\Database\\Query\\Builder->Illuminate\\Database\\Query\\{closure}()
#5 /home/fcs360online/public_html/vendor/laravel/framework/src/Illuminate/Database/Query/Builder.php(2304): Illuminate\\Database\\Query\\Builder->onceWithColumns(Array, Object(Closure))
#6 /home/fcs360online/public_html/vendor/laravel/framework/src/Illuminate/Database/Eloquent/Builder.php(598): Illuminate\\Database\\Query\\Builder->get(Array)
#7 /home/fcs360online/public_html/vendor/laravel/framework/src/Illuminate/Database/Eloquent/Builder.php(582): Illuminate\\Database\\Eloquent\\Builder->getModels(Array)
#8 /home/fcs360online/public_html/vendor/prettus/l5-repository/src/Prettus/Repository/Eloquent/BaseRepository.php(573): Illuminate\\Database\\Eloquent\\Builder->get(Array)
#9 /home/fcs360online/public_html/packages/Webkul/Core/src/Core.php(161): Prettus\\Repository\\Eloquent\\BaseRepository->findWhereIn('hostname', Array)
#10 /home/fcs360online/public_html/packages/Webkul/Core/src/Http/Middleware/CheckForMaintenanceMode.php(124): Webkul\\Core\\Core->getCurrentChannel()
#11 /home/fcs360online/public_html/packages/Webkul/Core/src/Http/Middleware/CheckForMaintenanceMode.php(56): Webkul\\Core\\Http\\Middleware\\CheckForMaintenanceMode->setAllowedIps()
#12 [internal function]: Webkul\\Core\\Http\\Middleware\\CheckForMaintenanceMode->__construct(Object(Illuminate\\Foundation\\Application))
#13 /home/fcs360online/public_html/vendor/laravel/framework/src/Illuminate/Container/Container.php(877): ReflectionClass->newInstanceArgs(Array)
#14 /home/fcs360online/public_html/vendor/laravel/framework/src/Illuminate/Container/Container.php(714): Illuminate\\Container\\Container->build('Webkul\\\\Core\\\\Htt...')
#15 /home/fcs360online/public_html/vendor/laravel/framework/src/Illuminate/Foundation/Application.php(841): Illuminate\\Container\\Container->resolve('Webkul\\\\Core\\\\Htt...', Array, true)
#16 /home/fcs360online/public_html/vendor/laravel/framework/src/Illuminate/Container/Container.php(652): Illuminate\\Foundation\\Application->resolve('Webkul\\\\Core\\\\Htt...', Array)
#17 /home/fcs360online/public_html/vendor/laravel/framework/src/Illuminate/Foundation/Application.php(826): Illuminate\\Container\\Container->make('Webkul\\\\Core\\\\Htt...', Array)
#18 /home/fcs360online/public_html/vendor/laravel/framework/src/Illuminate/Pipeline/Pipeline.php(156): Illuminate\\Foundation\\Application->make('Webkul\\\\Core\\\\Htt...')
#19 /home/fcs360online/public_html/vendor/laravel/framework/src/Illuminate/Pipeline/Pipeline.php(103): Illuminate\\Pipeline\\Pipeline->Illuminate\\Pipeline\\{closure}(Object(Illuminate\\Http\\Request))
#20 /home/fcs360online/public_html/vendor/laravel/framework/src/Illuminate/Foundation/Http/Kernel.php(141): Illuminate\\Pipeline\\Pipeline->then(Object(Closure))
#21 /home/fcs360online/public_html/vendor/laravel/framework/src/Illuminate/Foundation/Http/Kernel.php(110): Illuminate\\Foundation\\Http\\Kernel->sendRequestThroughRouter(Object(Illuminate\\Http\\Request))
#22 /home/fcs360online/public_html/public/index.php(87): Illuminate\\Foundation\\Http\\Kernel->handle(Object(Illuminate\\Http\\Request))
#23 {main}

[previous exception] [object] (Doctrine\\DBAL\\Driver\\PDO\\Exception(code: 1045): SQLSTATE[HY000] [1045] Access denied for user 'root'@'localhost' (using password: NO) at /home/fcs360online/public_html/vendor/doctrine/dbal/lib/Doctrine/DBAL/Driver/PDO/Exception.php:18)
[stacktrace]
#0 /home/fcs360online/public_html/vendor/doctrine/dbal/lib/Doctrine/DBAL/Driver/PDOConnection.php(43): Doctrine\\DBAL\\Driver\\PDO\\Exception::new(Object(PDOException))
#1 /home/fcs360online/public_html/vendor/laravel/framework/src/Illuminate/Database/Connectors/Connector.php(67): Doctrine\\DBAL\\Driver\\PDOConnection->__construct('mysql:host=127....', 'root', '', Array)
#2 /home/fcs360online/public_html/vendor/laravel/framework/src/Illuminate/Database/Connectors/Connector.php(46): Illuminate\\Database\\Connectors\\Connector->createPdoConnection('mysql:host=127....', 'root', '', Array)
#3 /home/fcs360online/public_html/vendor/laravel/framework/src/Illuminate/Database/Connectors/MySqlConnector.php(24): Illuminate\\Database\\Connectors\\Connector->createConnection('mysql:host=127....', Array, Array)
#4 /home/fcs360online/public_html/vendor/laravel/framework/src/Illuminate/Database/Connectors/ConnectionFactory.php(184): Illuminate\\Database\\Connectors\\MySqlConnector->connect(Array)
#5 [internal function]: Illuminate\\Database\\Connectors\\ConnectionFactory->Illuminate\\Database\\Connectors\\{closure}()
#6 /home/fcs360online/public_html/vendor/laravel/framework/src/Illuminate/Database/Connection.php(949): call_user_func(Object(Closure))
#7 /home/fcs360online/public_html/vendor/laravel/framework/src/Illuminate/Database/Connection.php(984): Illuminate\\Database\\Connection->getPdo()
#8 /home/fcs360online/public_html/vendor/laravel/framework/src/Illuminate/Database/Connection.php(412): Illuminate\\Database\\Connection->getReadPdo()
#9 /home/fcs360online/public_html/vendor/laravel/framework/src/Illuminate/Database/Connection.php(338): Illuminate\\Database\\Connection->getPdoForSelect(true)
#10 /home/fcs360online/public_html/vendor/laravel/framework/src/Illuminate/Database/Connection.php(671): Illuminate\\Database\\Connection->Illuminate\\Database\\{closure}('select * from `...', Array)
#11 /home/fcs360online/public_html/vendor/laravel/framework/src/Illuminate/Database/Connection.php(638): Illuminate\\Database\\Connection->runQueryCallback('select * from `...', Array, Object(Closure))
#12 /home/fcs360online/public_html/vendor/laravel/framework/src/Illuminate/Database/Connection.php(346): Illuminate\\Database\\Connection->run('select * from `...', Array, Object(Closure))
#13 /home/fcs360online/public_html/vendor/laravel/framework/src/Illuminate/Database/Query/Builder.php(2315): Illuminate\\Database\\Connection->select('select * from `...', Array, true)
#14 /home/fcs360online/public_html/vendor/laravel/framework/src/Illuminate/Database/Query/Builder.php(2303): Illuminate\\Database\\Query\\Builder->runSelect()
#15 /home/fcs360online/public_html/vendor/laravel/framework/src/Illuminate/Database/Query/Builder.php(2867): Illuminate\\Database\\Query\\Builder->Illuminate\\Database\\Query\\{closure}()
#16 /home/fcs360online/public_html/vendor/laravel/framework/src/Illuminate/Database/Query/Builder.php(2304): Illuminate\\Database\\Query\\Builder->onceWithColumns(Array, Object(Closure))
#17 /home/fcs360online/public_html/vendor/laravel/framework/src/Illuminate/Database/Eloquent/Builder.php(598): Illuminate\\Database\\Query\\Builder->get(Array)
#18 /home/fcs360online/public_html/vendor/laravel/framework/src/Illuminate/Database/Eloquent/Builder.php(582): Illuminate\\Database\\Eloquent\\Builder->getModels(Array)
#19 /home/fcs360online/public_html/vendor/prettus/l5-repository/src/Prettus/Repository/Eloquent/BaseRepository.php(573): Illuminate\\Database\\Eloquent\\Builder->get(Array)
#20 /home/fcs360online/public_html/packages/Webkul/Core/src/Core.php(161): Prettus\\Repository\\Eloquent\\BaseRepository->findWhereIn('hostname', Array)
#21 /home/fcs360online/public_html/packages/Webkul/Core/src/Http/Middleware/CheckForMaintenanceMode.php(124): Webkul\\Core\\Core->getCurrentChannel()
#22 /home/fcs360online/public_html/packages/Webkul/Core/src/Http/Middleware/CheckForMaintenanceMode.php(56): Webkul\\Core\\Http\\Middleware\\CheckForMaintenanceMode->setAllowedIps()
#23 [internal function]: Webkul\\Core\\Http\\Middleware\\CheckForMaintenanceMode->__construct(Object(Illuminate\\Foundation\\Application))
#24 /home/fcs360online/public_html/vendor/laravel/framework/src/Illuminate/Container/Container.php(877): ReflectionClass->newInstanceArgs(Array)
#25 /home/fcs360online/public_html/vendor/laravel/framework/src/Illuminate/Container/Container.php(714): Illuminate\\Container\\Container->build('Webkul\\\\Core\\\\Htt...')
#26 /home/fcs360online/public_html/vendor/laravel/framework/src/Illuminate/Foundation/Application.php(841): Illuminate\\Container\\Container->resolve('Webkul\\\\Core\\\\Htt...', Array, true)
#27 /home/fcs360online/public_html/vendor/laravel/framework/src/Illuminate/Container/Container.php(652): Illuminate\\Foundation\\Application->resolve('Webkul\\\\Core\\\\Htt...', Array)
#28 /home/fcs360online/public_html/vendor/laravel/framework/src/Illuminate/Foundation/Application.php(826): Illuminate\\Container\\Container->make('Webkul\\\\Core\\\\Htt...', Array)
#29 /home/fcs360online/public_html/vendor/laravel/framework/src/Illuminate/Pipeline/Pipeline.php(156): Illuminate\\Foundation\\Application->make('Webkul\\\\Core\\\\Htt...')
#30 /home/fcs360online/public_html/vendor/laravel/framework/src/Illuminate/Pipeline/Pipeline.php(103): Illuminate\\Pipeline\\Pipeline->Illuminate\\Pipeline\\{closure}(Object(Illuminate\\Http\\Request))
#31 /home/fcs360online/public_html/vendor/laravel/framework/src/Illuminate/Foundation/Http/Kernel.php(141): Illuminate\\Pipeline\\Pipeline->then(Object(Closure))
#32 /home/fcs360online/public_html/vendor/laravel/framework/src/Illuminate/Foundation/Http/Kernel.php(110): Illuminate\\Foundation\\Http\\Kernel->sendRequestThroughRouter(Object(Illuminate\\Http\\Request))
#33 /home/fcs360online/public_html/public/index.php(87): Illuminate\\Foundation\\Http\\Kernel->handle(Object(Illuminate\\Http\\Request))
#34 {main}

[previous exception] [object] (PDOException(code: 1045): SQLSTATE[HY000] [1045] Access denied for user 'root'@'localhost' (using password: NO) at /home/fcs360online/public_html/vendor/doctrine/dbal/lib/Doctrine/DBAL/Driver/PDOConnection.php:39)
[stacktrace]
#0 /home/fcs360online/public_html/vendor/doctrine/dbal/lib/Doctrine/DBAL/Driver/PDOConnection.php(39): PDO->__construct('mysql:host=127....', 'root', '', Array)
#1 /home/fcs360online/public_html/vendor/laravel/framework/src/Illuminate/Database/Connectors/Connector.php(67): Doctrine\\DBAL\\Driver\\PDOConnection->__construct('mysql:host=127....', 'root', '', Array)
#2 /home/fcs360online/public_html/vendor/laravel/framework/src/Illuminate/Database/Connectors/Connector.php(46): Illuminate\\Database\\Connectors\\Connector->createPdoConnection('mysql:host=127....', 'root', '', Array)
#3 /home/fcs360online/public_html/vendor/laravel/framework/src/Illuminate/Database/Connectors/MySqlConnector.php(24): Illuminate\\Database\\Connectors\\Connector->createConnection('mysql:host=127....', Array, Array)
#4 /home/fcs360online/public_html/vendor/laravel/framework/src/Illuminate/Database/Connectors/ConnectionFactory.php(184): Illuminate\\Database\\Connectors\\MySqlConnector->connect(Array)
#5 [internal function]: Illuminate\\Database\\Connectors\\ConnectionFactory->Illuminate\\Database\\Connectors\\{closure}()
#6 /home/fcs360online/public_html/vendor/laravel/framework/src/Illuminate/Database/Connection.php(949): call_user_func(Object(Closure))
#7 /home/fcs360online/public_html/vendor/laravel/framework/src/Illuminate/Database/Connection.php(984): Illuminate\\Database\\Connection->getPdo()
#8 /home/fcs360online/public_html/vendor/laravel/framework/src/Illuminate/Database/Connection.php(412): Illuminate\\Database\\Connection->getReadPdo()
#9 /home/fcs360online/public_html/vendor/laravel/framework/src/Illuminate/Database/Connection.php(338): Illuminate\\Database\\Connection->getPdoForSelect(true)
#10 /home/fcs360online/public_html/vendor/laravel/framework/src/Illuminate/Database/Connection.php(671): Illuminate\\Database\\Connection->Illuminate\\Database\\{closure}('select * from `...', Array)
#11 /home/fcs360online/public_html/vendor/laravel/framework/src/Illuminate/Database/Connection.php(638): Illuminate\\Database\\Connection->runQueryCallback('select * from `...', Array, Object(Closure))
#12 /home/fcs360online/public_html/vendor/laravel/framework/src/Illuminate/Database/Connection.php(346): Illuminate\\Database\\Connection->run('select * from `...', Array, Object(Closure))
#13 /home/fcs360online/public_html/vendor/laravel/framework/src/Illuminate/Database/Query/Builder.php(2315): Illuminate\\Database\\Connection->select('select * from `...', Array, true)
#14 /home/fcs360online/public_html/vendor/laravel/framework/src/Illuminate/Database/Query/Builder.php(2303): Illuminate\\Database\\Query\\Builder->runSelect()
#15 /home/fcs360online/public_html/vendor/laravel/framework/src/Illuminate/Database/Query/Builder.php(2867): Illuminate\\Database\\Query\\Builder->Illuminate\\Database\\Query\\{closure}()
#16 /home/fcs360online/public_html/vendor/laravel/framework/src/Illuminate/Database/Query/Builder.php(2304): Illuminate\\Database\\Query\\Builder->onceWithColumns(Array, Object(Closure))
#17 /home/fcs360online/public_html/vendor/laravel/framework/src/Illuminate/Database/Eloquent/Builder.php(598): Illuminate\\Database\\Query\\Builder->get(Array)
#18 /home/fcs360online/public_html/vendor/laravel/framework/src/Illuminate/Database/Eloquent/Builder.php(582): Illuminate\\Database\\Eloquent\\Builder->getModels(Array)
#19 /home/fcs360online/public_html/vendor/prettus/l5-repository/src/Prettus/Repository/Eloquent/BaseRepository.php(573): Illuminate\\Database\\Eloquent\\Builder->get(Array)
#20 /home/fcs360online/public_html/packages/Webkul/Core/src/Core.php(161): Prettus\\Repository\\Eloquent\\BaseRepository->findWhereIn('hostname', Array)
#21 /home/fcs360online/public_html/packages/Webkul/Core/src/Http/Middleware/CheckForMaintenanceMode.php(124): Webkul\\Core\\Core->getCurrentChannel()
#22 /home/fcs360online/public_html/packages/Webkul/Core/src/Http/Middleware/CheckForMaintenanceMode.php(56): Webkul\\Core\\Http\\Middleware\\CheckForMaintenanceMode->setAllowedIps()
#23 [internal function]: Webkul\\Core\\Http\\Middleware\\CheckForMaintenanceMode->__construct(Object(Illuminate\\Foundation\\Application))
#24 /home/fcs360online/public_html/vendor/laravel/framework/src/Illuminate/Container/Container.php(877): ReflectionClass->newInstanceArgs(Array)
#25 /home/fcs360online/public_html/vendor/laravel/framework/src/Illuminate/Container/Container.php(714): Illuminate\\Container\\Container->build('Webkul\\\\Core\\\\Htt...')
#26 /home/fcs360online/public_html/vendor/laravel/framework/src/Illuminate/Foundation/Application.php(841): Illuminate\\Container\\Container->resolve('Webkul\\\\Core\\\\Htt...', Array, true)
#27 /home/fcs360online/public_html/vendor/laravel/framework/src/Illuminate/Container/Container.php(652): Illuminate\\Foundation\\Application->resolve('Webkul\\\\Core\\\\Htt...', Array)
#28 /home/fcs360online/public_html/vendor/laravel/framework/src/Illuminate/Foundation/Application.php(826): Illuminate\\Container\\Container->make('Webkul\\\\Core\\\\Htt...', Array)
#29 /home/fcs360online/public_html/vendor/laravel/framework/src/Illuminate/Pipeline/Pipeline.php(156): Illuminate\\Foundation\\Application->make('Webkul\\\\Core\\\\Htt...')
#30 /home/fcs360online/public_html/vendor/laravel/framework/src/Illuminate/Pipeline/Pipeline.php(103): Illuminate\\Pipeline\\Pipeline->Illuminate\\Pipeline\\{closure}(Object(Illuminate\\Http\\Request))
#31 /home/fcs360online/public_html/vendor/laravel/framework/src/Illuminate/Foundation/Http/Kernel.php(141): Illuminate\\Pipeline\\Pipeline->then(Object(Closure))
#32 /home/fcs360online/public_html/vendor/laravel/framework/src/Illuminate/Foundation/Http/Kernel.php(110): Illuminate\\Foundation\\Http\\Kernel->sendRequestThroughRouter(Object(Illuminate\\Http\\Request))
#33 /home/fcs360online/public_html/public/index.php(87): Illuminate\\Foundation\\Http\\Kernel->handle(Object(Illuminate\\Http\\Request))
#34 {main}
"} 
[2021-09-14 20:23:39] local.ERROR: SQLSTATE[HY000] [1045] Access denied for user 'root'@'localhost' (using password: NO) (SQL: select * from `channels` where `hostname` in (fcs360.online, http://fcs360.online, https://fcs360.online)) {"exception":"[object] (Illuminate\\Database\\QueryException(code: 1045): SQLSTATE[HY000] [1045] Access denied for user 'root'@'localhost' (using password: NO) (SQL: select * from `channels` where `hostname` in (fcs360.online, http://fcs360.online, https://fcs360.online)) at /home/fcs360online/public_html/vendor/laravel/framework/src/Illuminate/Database/Connection.php:678)
[stacktrace]
#0 /home/fcs360online/public_html/vendor/laravel/framework/src/Illuminate/Database/Connection.php(638): Illuminate\\Database\\Connection->runQueryCallback('select * from `...', Array, Object(Closure))
#1 /home/fcs360online/public_html/vendor/laravel/framework/src/Illuminate/Database/Connection.php(346): Illuminate\\Database\\Connection->run('select * from `...', Array, Object(Closure))
#2 /home/fcs360online/public_html/vendor/laravel/framework/src/Illuminate/Database/Query/Builder.php(2315): Illuminate\\Database\\Connection->select('select * from `...', Array, true)
#3 /home/fcs360online/public_html/vendor/laravel/framework/src/Illuminate/Database/Query/Builder.php(2303): Illuminate\\Database\\Query\\Builder->runSelect()
#4 /home/fcs360online/public_html/vendor/laravel/framework/src/Illuminate/Database/Query/Builder.php(2867): Illuminate\\Database\\Query\\Builder->Illuminate\\Database\\Query\\{closure}()
#5 /home/fcs360online/public_html/vendor/laravel/framework/src/Illuminate/Database/Query/Builder.php(2304): Illuminate\\Database\\Query\\Builder->onceWithColumns(Array, Object(Closure))
#6 /home/fcs360online/public_html/vendor/laravel/framework/src/Illuminate/Database/Eloquent/Builder.php(598): Illuminate\\Database\\Query\\Builder->get(Array)
#7 /home/fcs360online/public_html/vendor/laravel/framework/src/Illuminate/Database/Eloquent/Builder.php(582): Illuminate\\Database\\Eloquent\\Builder->getModels(Array)
#8 /home/fcs360online/public_html/vendor/prettus/l5-repository/src/Prettus/Repository/Eloquent/BaseRepository.php(573): Illuminate\\Database\\Eloquent\\Builder->get(Array)
#9 /home/fcs360online/public_html/packages/Webkul/Core/src/Core.php(161): Prettus\\Repository\\Eloquent\\BaseRepository->findWhereIn('hostname', Array)
#10 /home/fcs360online/public_html/packages/Webkul/Core/src/Http/Middleware/CheckForMaintenanceMode.php(124): Webkul\\Core\\Core->getCurrentChannel()
#11 /home/fcs360online/public_html/packages/Webkul/Core/src/Http/Middleware/CheckForMaintenanceMode.php(56): Webkul\\Core\\Http\\Middleware\\CheckForMaintenanceMode->setAllowedIps()
#12 [internal function]: Webkul\\Core\\Http\\Middleware\\CheckForMaintenanceMode->__construct(Object(Illuminate\\Foundation\\Application))
#13 /home/fcs360online/public_html/vendor/laravel/framework/src/Illuminate/Container/Container.php(877): ReflectionClass->newInstanceArgs(Array)
#14 /home/fcs360online/public_html/vendor/laravel/framework/src/Illuminate/Container/Container.php(714): Illuminate\\Container\\Container->build('Webkul\\\\Core\\\\Htt...')
#15 /home/fcs360online/public_html/vendor/laravel/framework/src/Illuminate/Foundation/Application.php(841): Illuminate\\Container\\Container->resolve('Webkul\\\\Core\\\\Htt...', Array, true)
#16 /home/fcs360online/public_html/vendor/laravel/framework/src/Illuminate/Container/Container.php(652): Illuminate\\Foundation\\Application->resolve('Webkul\\\\Core\\\\Htt...', Array)
#17 /home/fcs360online/public_html/vendor/laravel/framework/src/Illuminate/Foundation/Application.php(826): Illuminate\\Container\\Container->make('Webkul\\\\Core\\\\Htt...', Array)
#18 /home/fcs360online/public_html/vendor/laravel/framework/src/Illuminate/Foundation/Http/Kernel.php(205): Illuminate\\Foundation\\Application->make('Webkul\\\\Core\\\\Htt...')
#19 /home/fcs360online/public_html/vendor/laravel/framework/src/Illuminate/Foundation/Http/Kernel.php(179): Illuminate\\Foundation\\Http\\Kernel->terminateMiddleware(Object(Illuminate\\Http\\Request), Object(Illuminate\\Http\\Response))
#20 /home/fcs360online/public_html/public/index.php(92): Illuminate\\Foundation\\Http\\Kernel->terminate(Object(Illuminate\\Http\\Request), Object(Illuminate\\Http\\Response))
#21 {main}

[previous exception] [object] (Doctrine\\DBAL\\Driver\\PDO\\Exception(code: 1045): SQLSTATE[HY000] [1045] Access denied for user 'root'@'localhost' (using password: NO) at /home/fcs360online/public_html/vendor/doctrine/dbal/lib/Doctrine/DBAL/Driver/PDO/Exception.php:18)
[stacktrace]
#0 /home/fcs360online/public_html/vendor/doctrine/dbal/lib/Doctrine/DBAL/Driver/PDOConnection.php(43): Doctrine\\DBAL\\Driver\\PDO\\Exception::new(Object(PDOException))
#1 /home/fcs360online/public_html/vendor/laravel/framework/src/Illuminate/Database/Connectors/Connector.php(67): Doctrine\\DBAL\\Driver\\PDOConnection->__construct('mysql:host=127....', 'root', '', Array)
#2 /home/fcs360online/public_html/vendor/laravel/framework/src/Illuminate/Database/Connectors/Connector.php(46): Illuminate\\Database\\Connectors\\Connector->createPdoConnection('mysql:host=127....', 'root', '', Array)
#3 /home/fcs360online/public_html/vendor/laravel/framework/src/Illuminate/Database/Connectors/MySqlConnector.php(24): Illuminate\\Database\\Connectors\\Connector->createConnection('mysql:host=127....', Array, Array)
#4 /home/fcs360online/public_html/vendor/laravel/framework/src/Illuminate/Database/Connectors/ConnectionFactory.php(184): Illuminate\\Database\\Connectors\\MySqlConnector->connect(Array)
#5 [internal function]: Illuminate\\Database\\Connectors\\ConnectionFactory->Illuminate\\Database\\Connectors\\{closure}()
#6 /home/fcs360online/public_html/vendor/laravel/framework/src/Illuminate/Database/Connection.php(949): call_user_func(Object(Closure))
#7 /home/fcs360online/public_html/vendor/laravel/framework/src/Illuminate/Database/Connection.php(984): Illuminate\\Database\\Connection->getPdo()
#8 /home/fcs360online/public_html/vendor/laravel/framework/src/Illuminate/Database/Connection.php(412): Illuminate\\Database\\Connection->getReadPdo()
#9 /home/fcs360online/public_html/vendor/laravel/framework/src/Illuminate/Database/Connection.php(338): Illuminate\\Database\\Connection->getPdoForSelect(true)
#10 /home/fcs360online/public_html/vendor/laravel/framework/src/Illuminate/Database/Connection.php(671): Illuminate\\Database\\Connection->Illuminate\\Database\\{closure}('select * from `...', Array)
#11 /home/fcs360online/public_html/vendor/laravel/framework/src/Illuminate/Database/Connection.php(638): Illuminate\\Database\\Connection->runQueryCallback('select * from `...', Array, Object(Closure))
#12 /home/fcs360online/public_html/vendor/laravel/framework/src/Illuminate/Database/Connection.php(346): Illuminate\\Database\\Connection->run('select * from `...', Array, Object(Closure))
#13 /home/fcs360online/public_html/vendor/laravel/framework/src/Illuminate/Database/Query/Builder.php(2315): Illuminate\\Database\\Connection->select('select * from `...', Array, true)
#14 /home/fcs360online/public_html/vendor/laravel/framework/src/Illuminate/Database/Query/Builder.php(2303): Illuminate\\Database\\Query\\Builder->runSelect()
#15 /home/fcs360online/public_html/vendor/laravel/framework/src/Illuminate/Database/Query/Builder.php(2867): Illuminate\\Database\\Query\\Builder->Illuminate\\Database\\Query\\{closure}()
#16 /home/fcs360online/public_html/vendor/laravel/framework/src/Illuminate/Database/Query/Builder.php(2304): Illuminate\\Database\\Query\\Builder->onceWithColumns(Array, Object(Closure))
#17 /home/fcs360online/public_html/vendor/laravel/framework/src/Illuminate/Database/Eloquent/Builder.php(598): Illuminate\\Database\\Query\\Builder->get(Array)
#18 /home/fcs360online/public_html/vendor/laravel/framework/src/Illuminate/Database/Eloquent/Builder.php(582): Illuminate\\Database\\Eloquent\\Builder->getModels(Array)
#19 /home/fcs360online/public_html/vendor/prettus/l5-repository/src/Prettus/Repository/Eloquent/BaseRepository.php(573): Illuminate\\Database\\Eloquent\\Builder->get(Array)
#20 /home/fcs360online/public_html/packages/Webkul/Core/src/Core.php(161): Prettus\\Repository\\Eloquent\\BaseRepository->findWhereIn('hostname', Array)
#21 /home/fcs360online/public_html/packages/Webkul/Core/src/Http/Middleware/CheckForMaintenanceMode.php(124): Webkul\\Core\\Core->getCurrentChannel()
#22 /home/fcs360online/public_html/packages/Webkul/Core/src/Http/Middleware/CheckForMaintenanceMode.php(56): Webkul\\Core\\Http\\Middleware\\CheckForMaintenanceMode->setAllowedIps()
#23 [internal function]: Webkul\\Core\\Http\\Middleware\\CheckForMaintenanceMode->__construct(Object(Illuminate\\Foundation\\Application))
#24 /home/fcs360online/public_html/vendor/laravel/framework/src/Illuminate/Container/Container.php(877): ReflectionClass->newInstanceArgs(Array)
#25 /home/fcs360online/public_html/vendor/laravel/framework/src/Illuminate/Container/Container.php(714): Illuminate\\Container\\Container->build('Webkul\\\\Core\\\\Htt...')
#26 /home/fcs360online/public_html/vendor/laravel/framework/src/Illuminate/Foundation/Application.php(841): Illuminate\\Container\\Container->resolve('Webkul\\\\Core\\\\Htt...', Array, true)
#27 /home/fcs360online/public_html/vendor/laravel/framework/src/Illuminate/Container/Container.php(652): Illuminate\\Foundation\\Application->resolve('Webkul\\\\Core\\\\Htt...', Array)
#28 /home/fcs360online/public_html/vendor/laravel/framework/src/Illuminate/Foundation/Application.php(826): Illuminate\\Container\\Container->make('Webkul\\\\Core\\\\Htt...', Array)
#29 /home/fcs360online/public_html/vendor/laravel/framework/src/Illuminate/Foundation/Http/Kernel.php(205): Illuminate\\Foundation\\Application->make('Webkul\\\\Core\\\\Htt...')
#30 /home/fcs360online/public_html/vendor/laravel/framework/src/Illuminate/Foundation/Http/Kernel.php(179): Illuminate\\Foundation\\Http\\Kernel->terminateMiddleware(Object(Illuminate\\Http\\Request), Object(Illuminate\\Http\\Response))
#31 /home/fcs360online/public_html/public/index.php(92): Illuminate\\Foundation\\Http\\Kernel->terminate(Object(Illuminate\\Http\\Request), Object(Illuminate\\Http\\Response))
#32 {main}

[previous exception] [object] (PDOException(code: 1045): SQLSTATE[HY000] [1045] Access denied for user 'root'@'localhost' (using password: NO) at /home/fcs360online/public_html/vendor/doctrine/dbal/lib/Doctrine/DBAL/Driver/PDOConnection.php:39)
[stacktrace]
#0 /home/fcs360online/public_html/vendor/doctrine/dbal/lib/Doctrine/DBAL/Driver/PDOConnection.php(39): PDO->__construct('mysql:host=127....', 'root', '', Array)
#1 /home/fcs360online/public_html/vendor/laravel/framework/src/Illuminate/Database/Connectors/Connector.php(67): Doctrine\\DBAL\\Driver\\PDOConnection->__construct('mysql:host=127....', 'root', '', Array)
#2 /home/fcs360online/public_html/vendor/laravel/framework/src/Illuminate/Database/Connectors/Connector.php(46): Illuminate\\Database\\Connectors\\Connector->createPdoConnection('mysql:host=127....', 'root', '', Array)
#3 /home/fcs360online/public_html/vendor/laravel/framework/src/Illuminate/Database/Connectors/MySqlConnector.php(24): Illuminate\\Database\\Connectors\\Connector->createConnection('mysql:host=127....', Array, Array)
#4 /home/fcs360online/public_html/vendor/laravel/framework/src/Illuminate/Database/Connectors/ConnectionFactory.php(184): Illuminate\\Database\\Connectors\\MySqlConnector->connect(Array)
#5 [internal function]: Illuminate\\Database\\Connectors\\ConnectionFactory->Illuminate\\Database\\Connectors\\{closure}()
#6 /home/fcs360online/public_html/vendor/laravel/framework/src/Illuminate/Database/Connection.php(949): call_user_func(Object(Closure))
#7 /home/fcs360online/public_html/vendor/laravel/framework/src/Illuminate/Database/Connection.php(984): Illuminate\\Database\\Connection->getPdo()
#8 /home/fcs360online/public_html/vendor/laravel/framework/src/Illuminate/Database/Connection.php(412): Illuminate\\Database\\Connection->getReadPdo()
#9 /home/fcs360online/public_html/vendor/laravel/framework/src/Illuminate/Database/Connection.php(338): Illuminate\\Database\\Connection->getPdoForSelect(true)
#10 /home/fcs360online/public_html/vendor/laravel/framework/src/Illuminate/Database/Connection.php(671): Illuminate\\Database\\Connection->Illuminate\\Database\\{closure}('select * from `...', Array)
#11 /home/fcs360online/public_html/vendor/laravel/framework/src/Illuminate/Database/Connection.php(638): Illuminate\\Database\\Connection->runQueryCallback('select * from `...', Array, Object(Closure))
#12 /home/fcs360online/public_html/vendor/laravel/framework/src/Illuminate/Database/Connection.php(346): Illuminate\\Database\\Connection->run('select * from `...', Array, Object(Closure))
#13 /home/fcs360online/public_html/vendor/laravel/framework/src/Illuminate/Database/Query/Builder.php(2315): Illuminate\\Database\\Connection->select('select * from `...', Array, true)
#14 /home/fcs360online/public_html/vendor/laravel/framework/src/Illuminate/Database/Query/Builder.php(2303): Illuminate\\Database\\Query\\Builder->runSelect()
#15 /home/fcs360online/public_html/vendor/laravel/framework/src/Illuminate/Database/Query/Builder.php(2867): Illuminate\\Database\\Query\\Builder->Illuminate\\Database\\Query\\{closure}()
#16 /home/fcs360online/public_html/vendor/laravel/framework/src/Illuminate/Database/Query/Builder.php(2304): Illuminate\\Database\\Query\\Builder->onceWithColumns(Array, Object(Closure))
#17 /home/fcs360online/public_html/vendor/laravel/framework/src/Illuminate/Database/Eloquent/Builder.php(598): Illuminate\\Database\\Query\\Builder->get(Array)
#18 /home/fcs360online/public_html/vendor/laravel/framework/src/Illuminate/Database/Eloquent/Builder.php(582): Illuminate\\Database\\Eloquent\\Builder->getModels(Array)
#19 /home/fcs360online/public_html/vendor/prettus/l5-repository/src/Prettus/Repository/Eloquent/BaseRepository.php(573): Illuminate\\Database\\Eloquent\\Builder->get(Array)
#20 /home/fcs360online/public_html/packages/Webkul/Core/src/Core.php(161): Prettus\\Repository\\Eloquent\\BaseRepository->findWhereIn('hostname', Array)
#21 /home/fcs360online/public_html/packages/Webkul/Core/src/Http/Middleware/CheckForMaintenanceMode.php(124): Webkul\\Core\\Core->getCurrentChannel()
#22 /home/fcs360online/public_html/packages/Webkul/Core/src/Http/Middleware/CheckForMaintenanceMode.php(56): Webkul\\Core\\Http\\Middleware\\CheckForMaintenanceMode->setAllowedIps()
#23 [internal function]: Webkul\\Core\\Http\\Middleware\\CheckForMaintenanceMode->__construct(Object(Illuminate\\Foundation\\Application))
#24 /home/fcs360online/public_html/vendor/laravel/framework/src/Illuminate/Container/Container.php(877): ReflectionClass->newInstanceArgs(Array)
#25 /home/fcs360online/public_html/vendor/laravel/framework/src/Illuminate/Container/Container.php(714): Illuminate\\Container\\Container->build('Webkul\\\\Core\\\\Htt...')
#26 /home/fcs360online/public_html/vendor/laravel/framework/src/Illuminate/Foundation/Application.php(841): Illuminate\\Container\\Container->resolve('Webkul\\\\Core\\\\Htt...', Array, true)
#27 /home/fcs360online/public_html/vendor/laravel/framework/src/Illuminate/Container/Container.php(652): Illuminate\\Foundation\\Application->resolve('Webkul\\\\Core\\\\Htt...', Array)
#28 /home/fcs360online/public_html/vendor/laravel/framework/src/Illuminate/Foundation/Application.php(826): Illuminate\\Container\\Container->make('Webkul\\\\Core\\\\Htt...', Array)
#29 /home/fcs360online/public_html/vendor/laravel/framework/src/Illuminate/Foundation/Http/Kernel.php(205): Illuminate\\Foundation\\Application->make('Webkul\\\\Core\\\\Htt...')
#30 /home/fcs360online/public_html/vendor/laravel/framework/src/Illuminate/Foundation/Http/Kernel.php(179): Illuminate\\Foundation\\Http\\Kernel->terminateMiddleware(Object(Illuminate\\Http\\Request), Object(Illuminate\\Http\\Response))
#31 /home/fcs360online/public_html/public/index.php(92): Illuminate\\Foundation\\Http\\Kernel->terminate(Object(Illuminate\\Http\\Request), Object(Illuminate\\Http\\Response))
#32 {main}
"} 
[2021-09-14 20:25:53] local.ERROR: SQLSTATE[HY000] [1045] Access denied for user 'root'@'localhost' (using password: NO) (SQL: select * from `channels` where `hostname` in (fcs360.online, http://fcs360.online, https://fcs360.online)) {"exception":"[object] (Illuminate\\Database\\QueryException(code: 1045): SQLSTATE[HY000] [1045] Access denied for user 'root'@'localhost' (using password: NO) (SQL: select * from `channels` where `hostname` in (fcs360.online, http://fcs360.online, https://fcs360.online)) at /home/fcs360online/public_html/vendor/laravel/framework/src/Illuminate/Database/Connection.php:678)
[stacktrace]
#0 /home/fcs360online/public_html/vendor/laravel/framework/src/Illuminate/Database/Connection.php(638): Illuminate\\Database\\Connection->runQueryCallback('select * from `...', Array, Object(Closure))
#1 /home/fcs360online/public_html/vendor/laravel/framework/src/Illuminate/Database/Connection.php(346): Illuminate\\Database\\Connection->run('select * from `...', Array, Object(Closure))
#2 /home/fcs360online/public_html/vendor/laravel/framework/src/Illuminate/Database/Query/Builder.php(2315): Illuminate\\Database\\Connection->select('select * from `...', Array, true)
#3 /home/fcs360online/public_html/vendor/laravel/framework/src/Illuminate/Database/Query/Builder.php(2303): Illuminate\\Database\\Query\\Builder->runSelect()
#4 /home/fcs360online/public_html/vendor/laravel/framework/src/Illuminate/Database/Query/Builder.php(2867): Illuminate\\Database\\Query\\Builder->Illuminate\\Database\\Query\\{closure}()
#5 /home/fcs360online/public_html/vendor/laravel/framework/src/Illuminate/Database/Query/Builder.php(2304): Illuminate\\Database\\Query\\Builder->onceWithColumns(Array, Object(Closure))
#6 /home/fcs360online/public_html/vendor/laravel/framework/src/Illuminate/Database/Eloquent/Builder.php(598): Illuminate\\Database\\Query\\Builder->get(Array)
#7 /home/fcs360online/public_html/vendor/laravel/framework/src/Illuminate/Database/Eloquent/Builder.php(582): Illuminate\\Database\\Eloquent\\Builder->getModels(Array)
#8 /home/fcs360online/public_html/vendor/prettus/l5-repository/src/Prettus/Repository/Eloquent/BaseRepository.php(573): Illuminate\\Database\\Eloquent\\Builder->get(Array)
#9 /home/fcs360online/public_html/packages/Webkul/Core/src/Core.php(161): Prettus\\Repository\\Eloquent\\BaseRepository->findWhereIn('hostname', Array)
#10 /home/fcs360online/public_html/packages/Webkul/Core/src/Http/Middleware/CheckForMaintenanceMode.php(124): Webkul\\Core\\Core->getCurrentChannel()
#11 /home/fcs360online/public_html/packages/Webkul/Core/src/Http/Middleware/CheckForMaintenanceMode.php(56): Webkul\\Core\\Http\\Middleware\\CheckForMaintenanceMode->setAllowedIps()
#12 [internal function]: Webkul\\Core\\Http\\Middleware\\CheckForMaintenanceMode->__construct(Object(Illuminate\\Foundation\\Application))
#13 /home/fcs360online/public_html/vendor/laravel/framework/src/Illuminate/Container/Container.php(877): ReflectionClass->newInstanceArgs(Array)
#14 /home/fcs360online/public_html/vendor/laravel/framework/src/Illuminate/Container/Container.php(714): Illuminate\\Container\\Container->build('Webkul\\\\Core\\\\Htt...')
#15 /home/fcs360online/public_html/vendor/laravel/framework/src/Illuminate/Foundation/Application.php(841): Illuminate\\Container\\Container->resolve('Webkul\\\\Core\\\\Htt...', Array, true)
#16 /home/fcs360online/public_html/vendor/laravel/framework/src/Illuminate/Container/Container.php(652): Illuminate\\Foundation\\Application->resolve('Webkul\\\\Core\\\\Htt...', Array)
#17 /home/fcs360online/public_html/vendor/laravel/framework/src/Illuminate/Foundation/Application.php(826): Illuminate\\Container\\Container->make('Webkul\\\\Core\\\\Htt...', Array)
#18 /home/fcs360online/public_html/vendor/laravel/framework/src/Illuminate/Pipeline/Pipeline.php(156): Illuminate\\Foundation\\Application->make('Webkul\\\\Core\\\\Htt...')
#19 /home/fcs360online/public_html/vendor/laravel/framework/src/Illuminate/Pipeline/Pipeline.php(103): Illuminate\\Pipeline\\Pipeline->Illuminate\\Pipeline\\{closure}(Object(Illuminate\\Http\\Request))
#20 /home/fcs360online/public_html/vendor/laravel/framework/src/Illuminate/Foundation/Http/Kernel.php(141): Illuminate\\Pipeline\\Pipeline->then(Object(Closure))
#21 /home/fcs360online/public_html/vendor/laravel/framework/src/Illuminate/Foundation/Http/Kernel.php(110): Illuminate\\Foundation\\Http\\Kernel->sendRequestThroughRouter(Object(Illuminate\\Http\\Request))
#22 /home/fcs360online/public_html/public/index.php(87): Illuminate\\Foundation\\Http\\Kernel->handle(Object(Illuminate\\Http\\Request))
#23 {main}

[previous exception] [object] (Doctrine\\DBAL\\Driver\\PDO\\Exception(code: 1045): SQLSTATE[HY000] [1045] Access denied for user 'root'@'localhost' (using password: NO) at /home/fcs360online/public_html/vendor/doctrine/dbal/lib/Doctrine/DBAL/Driver/PDO/Exception.php:18)
[stacktrace]
#0 /home/fcs360online/public_html/vendor/doctrine/dbal/lib/Doctrine/DBAL/Driver/PDOConnection.php(43): Doctrine\\DBAL\\Driver\\PDO\\Exception::new(Object(PDOException))
#1 /home/fcs360online/public_html/vendor/laravel/framework/src/Illuminate/Database/Connectors/Connector.php(67): Doctrine\\DBAL\\Driver\\PDOConnection->__construct('mysql:host=127....', 'root', '', Array)
#2 /home/fcs360online/public_html/vendor/laravel/framework/src/Illuminate/Database/Connectors/Connector.php(46): Illuminate\\Database\\Connectors\\Connector->createPdoConnection('mysql:host=127....', 'root', '', Array)
#3 /home/fcs360online/public_html/vendor/laravel/framework/src/Illuminate/Database/Connectors/MySqlConnector.php(24): Illuminate\\Database\\Connectors\\Connector->createConnection('mysql:host=127....', Array, Array)
#4 /home/fcs360online/public_html/vendor/laravel/framework/src/Illuminate/Database/Connectors/ConnectionFactory.php(184): Illuminate\\Database\\Connectors\\MySqlConnector->connect(Array)
#5 [internal function]: Illuminate\\Database\\Connectors\\ConnectionFactory->Illuminate\\Database\\Connectors\\{closure}()
#6 /home/fcs360online/public_html/vendor/laravel/framework/src/Illuminate/Database/Connection.php(949): call_user_func(Object(Closure))
#7 /home/fcs360online/public_html/vendor/laravel/framework/src/Illuminate/Database/Connection.php(984): Illuminate\\Database\\Connection->getPdo()
#8 /home/fcs360online/public_html/vendor/laravel/framework/src/Illuminate/Database/Connection.php(412): Illuminate\\Database\\Connection->getReadPdo()
#9 /home/fcs360online/public_html/vendor/laravel/framework/src/Illuminate/Database/Connection.php(338): Illuminate\\Database\\Connection->getPdoForSelect(true)
#10 /home/fcs360online/public_html/vendor/laravel/framework/src/Illuminate/Database/Connection.php(671): Illuminate\\Database\\Connection->Illuminate\\Database\\{closure}('select * from `...', Array)
#11 /home/fcs360online/public_html/vendor/laravel/framework/src/Illuminate/Database/Connection.php(638): Illuminate\\Database\\Connection->runQueryCallback('select * from `...', Array, Object(Closure))
#12 /home/fcs360online/public_html/vendor/laravel/framework/src/Illuminate/Database/Connection.php(346): Illuminate\\Database\\Connection->run('select * from `...', Array, Object(Closure))
#13 /home/fcs360online/public_html/vendor/laravel/framework/src/Illuminate/Database/Query/Builder.php(2315): Illuminate\\Database\\Connection->select('select * from `...', Array, true)
#14 /home/fcs360online/public_html/vendor/laravel/framework/src/Illuminate/Database/Query/Builder.php(2303): Illuminate\\Database\\Query\\Builder->runSelect()
#15 /home/fcs360online/public_html/vendor/laravel/framework/src/Illuminate/Database/Query/Builder.php(2867): Illuminate\\Database\\Query\\Builder->Illuminate\\Database\\Query\\{closure}()
#16 /home/fcs360online/public_html/vendor/laravel/framework/src/Illuminate/Database/Query/Builder.php(2304): Illuminate\\Database\\Query\\Builder->onceWithColumns(Array, Object(Closure))
#17 /home/fcs360online/public_html/vendor/laravel/framework/src/Illuminate/Database/Eloquent/Builder.php(598): Illuminate\\Database\\Query\\Builder->get(Array)
#18 /home/fcs360online/public_html/vendor/laravel/framework/src/Illuminate/Database/Eloquent/Builder.php(582): Illuminate\\Database\\Eloquent\\Builder->getModels(Array)
#19 /home/fcs360online/public_html/vendor/prettus/l5-repository/src/Prettus/Repository/Eloquent/BaseRepository.php(573): Illuminate\\Database\\Eloquent\\Builder->get(Array)
#20 /home/fcs360online/public_html/packages/Webkul/Core/src/Core.php(161): Prettus\\Repository\\Eloquent\\BaseRepository->findWhereIn('hostname', Array)
#21 /home/fcs360online/public_html/packages/Webkul/Core/src/Http/Middleware/CheckForMaintenanceMode.php(124): Webkul\\Core\\Core->getCurrentChannel()
#22 /home/fcs360online/public_html/packages/Webkul/Core/src/Http/Middleware/CheckForMaintenanceMode.php(56): Webkul\\Core\\Http\\Middleware\\CheckForMaintenanceMode->setAllowedIps()
#23 [internal function]: Webkul\\Core\\Http\\Middleware\\CheckForMaintenanceMode->__construct(Object(Illuminate\\Foundation\\Application))
#24 /home/fcs360online/public_html/vendor/laravel/framework/src/Illuminate/Container/Container.php(877): ReflectionClass->newInstanceArgs(Array)
#25 /home/fcs360online/public_html/vendor/laravel/framework/src/Illuminate/Container/Container.php(714): Illuminate\\Container\\Container->build('Webkul\\\\Core\\\\Htt...')
#26 /home/fcs360online/public_html/vendor/laravel/framework/src/Illuminate/Foundation/Application.php(841): Illuminate\\Container\\Container->resolve('Webkul\\\\Core\\\\Htt...', Array, true)
#27 /home/fcs360online/public_html/vendor/laravel/framework/src/Illuminate/Container/Container.php(652): Illuminate\\Foundation\\Application->resolve('Webkul\\\\Core\\\\Htt...', Array)
#28 /home/fcs360online/public_html/vendor/laravel/framework/src/Illuminate/Foundation/Application.php(826): Illuminate\\Container\\Container->make('Webkul\\\\Core\\\\Htt...', Array)
#29 /home/fcs360online/public_html/vendor/laravel/framework/src/Illuminate/Pipeline/Pipeline.php(156): Illuminate\\Foundation\\Application->make('Webkul\\\\Core\\\\Htt...')
#30 /home/fcs360online/public_html/vendor/laravel/framework/src/Illuminate/Pipeline/Pipeline.php(103): Illuminate\\Pipeline\\Pipeline->Illuminate\\Pipeline\\{closure}(Object(Illuminate\\Http\\Request))
#31 /home/fcs360online/public_html/vendor/laravel/framework/src/Illuminate/Foundation/Http/Kernel.php(141): Illuminate\\Pipeline\\Pipeline->then(Object(Closure))
#32 /home/fcs360online/public_html/vendor/laravel/framework/src/Illuminate/Foundation/Http/Kernel.php(110): Illuminate\\Foundation\\Http\\Kernel->sendRequestThroughRouter(Object(Illuminate\\Http\\Request))
#33 /home/fcs360online/public_html/public/index.php(87): Illuminate\\Foundation\\Http\\Kernel->handle(Object(Illuminate\\Http\\Request))
#34 {main}

[previous exception] [object] (PDOException(code: 1045): SQLSTATE[HY000] [1045] Access denied for user 'root'@'localhost' (using password: NO) at /home/fcs360online/public_html/vendor/doctrine/dbal/lib/Doctrine/DBAL/Driver/PDOConnection.php:39)
[stacktrace]
#0 /home/fcs360online/public_html/vendor/doctrine/dbal/lib/Doctrine/DBAL/Driver/PDOConnection.php(39): PDO->__construct('mysql:host=127....', 'root', '', Array)
#1 /home/fcs360online/public_html/vendor/laravel/framework/src/Illuminate/Database/Connectors/Connector.php(67): Doctrine\\DBAL\\Driver\\PDOConnection->__construct('mysql:host=127....', 'root', '', Array)
#2 /home/fcs360online/public_html/vendor/laravel/framework/src/Illuminate/Database/Connectors/Connector.php(46): Illuminate\\Database\\Connectors\\Connector->createPdoConnection('mysql:host=127....', 'root', '', Array)
#3 /home/fcs360online/public_html/vendor/laravel/framework/src/Illuminate/Database/Connectors/MySqlConnector.php(24): Illuminate\\Database\\Connectors\\Connector->createConnection('mysql:host=127....', Array, Array)
#4 /home/fcs360online/public_html/vendor/laravel/framework/src/Illuminate/Database/Connectors/ConnectionFactory.php(184): Illuminate\\Database\\Connectors\\MySqlConnector->connect(Array)
#5 [internal function]: Illuminate\\Database\\Connectors\\ConnectionFactory->Illuminate\\Database\\Connectors\\{closure}()
#6 /home/fcs360online/public_html/vendor/laravel/framework/src/Illuminate/Database/Connection.php(949): call_user_func(Object(Closure))
#7 /home/fcs360online/public_html/vendor/laravel/framework/src/Illuminate/Database/Connection.php(984): Illuminate\\Database\\Connection->getPdo()
#8 /home/fcs360online/public_html/vendor/laravel/framework/src/Illuminate/Database/Connection.php(412): Illuminate\\Database\\Connection->getReadPdo()
#9 /home/fcs360online/public_html/vendor/laravel/framework/src/Illuminate/Database/Connection.php(338): Illuminate\\Database\\Connection->getPdoForSelect(true)
#10 /home/fcs360online/public_html/vendor/laravel/framework/src/Illuminate/Database/Connection.php(671): Illuminate\\Database\\Connection->Illuminate\\Database\\{closure}('select * from `...', Array)
#11 /home/fcs360online/public_html/vendor/laravel/framework/src/Illuminate/Database/Connection.php(638): Illuminate\\Database\\Connection->runQueryCallback('select * from `...', Array, Object(Closure))
#12 /home/fcs360online/public_html/vendor/laravel/framework/src/Illuminate/Database/Connection.php(346): Illuminate\\Database\\Connection->run('select * from `...', Array, Object(Closure))
#13 /home/fcs360online/public_html/vendor/laravel/framework/src/Illuminate/Database/Query/Builder.php(2315): Illuminate\\Database\\Connection->select('select * from `...', Array, true)
#14 /home/fcs360online/public_html/vendor/laravel/framework/src/Illuminate/Database/Query/Builder.php(2303): Illuminate\\Database\\Query\\Builder->runSelect()
#15 /home/fcs360online/public_html/vendor/laravel/framework/src/Illuminate/Database/Query/Builder.php(2867): Illuminate\\Database\\Query\\Builder->Illuminate\\Database\\Query\\{closure}()
#16 /home/fcs360online/public_html/vendor/laravel/framework/src/Illuminate/Database/Query/Builder.php(2304): Illuminate\\Database\\Query\\Builder->onceWithColumns(Array, Object(Closure))
#17 /home/fcs360online/public_html/vendor/laravel/framework/src/Illuminate/Database/Eloquent/Builder.php(598): Illuminate\\Database\\Query\\Builder->get(Array)
#18 /home/fcs360online/public_html/vendor/laravel/framework/src/Illuminate/Database/Eloquent/Builder.php(582): Illuminate\\Database\\Eloquent\\Builder->getModels(Array)
#19 /home/fcs360online/public_html/vendor/prettus/l5-repository/src/Prettus/Repository/Eloquent/BaseRepository.php(573): Illuminate\\Database\\Eloquent\\Builder->get(Array)
#20 /home/fcs360online/public_html/packages/Webkul/Core/src/Core.php(161): Prettus\\Repository\\Eloquent\\BaseRepository->findWhereIn('hostname', Array)
#21 /home/fcs360online/public_html/packages/Webkul/Core/src/Http/Middleware/CheckForMaintenanceMode.php(124): Webkul\\Core\\Core->getCurrentChannel()
#22 /home/fcs360online/public_html/packages/Webkul/Core/src/Http/Middleware/CheckForMaintenanceMode.php(56): Webkul\\Core\\Http\\Middleware\\CheckForMaintenanceMode->setAllowedIps()
#23 [internal function]: Webkul\\Core\\Http\\Middleware\\CheckForMaintenanceMode->__construct(Object(Illuminate\\Foundation\\Application))
#24 /home/fcs360online/public_html/vendor/laravel/framework/src/Illuminate/Container/Container.php(877): ReflectionClass->newInstanceArgs(Array)
#25 /home/fcs360online/public_html/vendor/laravel/framework/src/Illuminate/Container/Container.php(714): Illuminate\\Container\\Container->build('Webkul\\\\Core\\\\Htt...')
#26 /home/fcs360online/public_html/vendor/laravel/framework/src/Illuminate/Foundation/Application.php(841): Illuminate\\Container\\Container->resolve('Webkul\\\\Core\\\\Htt...', Array, true)
#27 /home/fcs360online/public_html/vendor/laravel/framework/src/Illuminate/Container/Container.php(652): Illuminate\\Foundation\\Application->resolve('Webkul\\\\Core\\\\Htt...', Array)
#28 /home/fcs360online/public_html/vendor/laravel/framework/src/Illuminate/Foundation/Application.php(826): Illuminate\\Container\\Container->make('Webkul\\\\Core\\\\Htt...', Array)
#29 /home/fcs360online/public_html/vendor/laravel/framework/src/Illuminate/Pipeline/Pipeline.php(156): Illuminate\\Foundation\\Application->make('Webkul\\\\Core\\\\Htt...')
#30 /home/fcs360online/public_html/vendor/laravel/framework/src/Illuminate/Pipeline/Pipeline.php(103): Illuminate\\Pipeline\\Pipeline->Illuminate\\Pipeline\\{closure}(Object(Illuminate\\Http\\Request))
#31 /home/fcs360online/public_html/vendor/laravel/framework/src/Illuminate/Foundation/Http/Kernel.php(141): Illuminate\\Pipeline\\Pipeline->then(Object(Closure))
#32 /home/fcs360online/public_html/vendor/laravel/framework/src/Illuminate/Foundation/Http/Kernel.php(110): Illuminate\\Foundation\\Http\\Kernel->sendRequestThroughRouter(Object(Illuminate\\Http\\Request))
#33 /home/fcs360online/public_html/public/index.php(87): Illuminate\\Foundation\\Http\\Kernel->handle(Object(Illuminate\\Http\\Request))
#34 {main}
"} 
[2021-09-14 20:25:53] local.ERROR: SQLSTATE[HY000] [1045] Access denied for user 'root'@'localhost' (using password: NO) (SQL: select * from `channels` where `hostname` in (fcs360.online, http://fcs360.online, https://fcs360.online)) {"exception":"[object] (Illuminate\\Database\\QueryException(code: 1045): SQLSTATE[HY000] [1045] Access denied for user 'root'@'localhost' (using password: NO) (SQL: select * from `channels` where `hostname` in (fcs360.online, http://fcs360.online, https://fcs360.online)) at /home/fcs360online/public_html/vendor/laravel/framework/src/Illuminate/Database/Connection.php:678)
[stacktrace]
#0 /home/fcs360online/public_html/vendor/laravel/framework/src/Illuminate/Database/Connection.php(638): Illuminate\\Database\\Connection->runQueryCallback('select * from `...', Array, Object(Closure))
#1 /home/fcs360online/public_html/vendor/laravel/framework/src/Illuminate/Database/Connection.php(346): Illuminate\\Database\\Connection->run('select * from `...', Array, Object(Closure))
#2 /home/fcs360online/public_html/vendor/laravel/framework/src/Illuminate/Database/Query/Builder.php(2315): Illuminate\\Database\\Connection->select('select * from `...', Array, true)
#3 /home/fcs360online/public_html/vendor/laravel/framework/src/Illuminate/Database/Query/Builder.php(2303): Illuminate\\Database\\Query\\Builder->runSelect()
#4 /home/fcs360online/public_html/vendor/laravel/framework/src/Illuminate/Database/Query/Builder.php(2867): Illuminate\\Database\\Query\\Builder->Illuminate\\Database\\Query\\{closure}()
#5 /home/fcs360online/public_html/vendor/laravel/framework/src/Illuminate/Database/Query/Builder.php(2304): Illuminate\\Database\\Query\\Builder->onceWithColumns(Array, Object(Closure))
#6 /home/fcs360online/public_html/vendor/laravel/framework/src/Illuminate/Database/Eloquent/Builder.php(598): Illuminate\\Database\\Query\\Builder->get(Array)
#7 /home/fcs360online/public_html/vendor/laravel/framework/src/Illuminate/Database/Eloquent/Builder.php(582): Illuminate\\Database\\Eloquent\\Builder->getModels(Array)
#8 /home/fcs360online/public_html/vendor/prettus/l5-repository/src/Prettus/Repository/Eloquent/BaseRepository.php(573): Illuminate\\Database\\Eloquent\\Builder->get(Array)
#9 /home/fcs360online/public_html/packages/Webkul/Core/src/Core.php(161): Prettus\\Repository\\Eloquent\\BaseRepository->findWhereIn('hostname', Array)
#10 /home/fcs360online/public_html/packages/Webkul/Core/src/Http/Middleware/CheckForMaintenanceMode.php(124): Webkul\\Core\\Core->getCurrentChannel()
#11 /home/fcs360online/public_html/packages/Webkul/Core/src/Http/Middleware/CheckForMaintenanceMode.php(56): Webkul\\Core\\Http\\Middleware\\CheckForMaintenanceMode->setAllowedIps()
#12 [internal function]: Webkul\\Core\\Http\\Middleware\\CheckForMaintenanceMode->__construct(Object(Illuminate\\Foundation\\Application))
#13 /home/fcs360online/public_html/vendor/laravel/framework/src/Illuminate/Container/Container.php(877): ReflectionClass->newInstanceArgs(Array)
#14 /home/fcs360online/public_html/vendor/laravel/framework/src/Illuminate/Container/Container.php(714): Illuminate\\Container\\Container->build('Webkul\\\\Core\\\\Htt...')
#15 /home/fcs360online/public_html/vendor/laravel/framework/src/Illuminate/Foundation/Application.php(841): Illuminate\\Container\\Container->resolve('Webkul\\\\Core\\\\Htt...', Array, true)
#16 /home/fcs360online/public_html/vendor/laravel/framework/src/Illuminate/Container/Container.php(652): Illuminate\\Foundation\\Application->resolve('Webkul\\\\Core\\\\Htt...', Array)
#17 /home/fcs360online/public_html/vendor/laravel/framework/src/Illuminate/Foundation/Application.php(826): Illuminate\\Container\\Container->make('Webkul\\\\Core\\\\Htt...', Array)
#18 /home/fcs360online/public_html/vendor/laravel/framework/src/Illuminate/Foundation/Http/Kernel.php(205): Illuminate\\Foundation\\Application->make('Webkul\\\\Core\\\\Htt...')
#19 /home/fcs360online/public_html/vendor/laravel/framework/src/Illuminate/Foundation/Http/Kernel.php(179): Illuminate\\Foundation\\Http\\Kernel->terminateMiddleware(Object(Illuminate\\Http\\Request), Object(Illuminate\\Http\\Response))
#20 /home/fcs360online/public_html/public/index.php(92): Illuminate\\Foundation\\Http\\Kernel->terminate(Object(Illuminate\\Http\\Request), Object(Illuminate\\Http\\Response))
#21 {main}

[previous exception] [object] (Doctrine\\DBAL\\Driver\\PDO\\Exception(code: 1045): SQLSTATE[HY000] [1045] Access denied for user 'root'@'localhost' (using password: NO) at /home/fcs360online/public_html/vendor/doctrine/dbal/lib/Doctrine/DBAL/Driver/PDO/Exception.php:18)
[stacktrace]
#0 /home/fcs360online/public_html/vendor/doctrine/dbal/lib/Doctrine/DBAL/Driver/PDOConnection.php(43): Doctrine\\DBAL\\Driver\\PDO\\Exception::new(Object(PDOException))
#1 /home/fcs360online/public_html/vendor/laravel/framework/src/Illuminate/Database/Connectors/Connector.php(67): Doctrine\\DBAL\\Driver\\PDOConnection->__construct('mysql:host=127....', 'root', '', Array)
#2 /home/fcs360online/public_html/vendor/laravel/framework/src/Illuminate/Database/Connectors/Connector.php(46): Illuminate\\Database\\Connectors\\Connector->createPdoConnection('mysql:host=127....', 'root', '', Array)
#3 /home/fcs360online/public_html/vendor/laravel/framework/src/Illuminate/Database/Connectors/MySqlConnector.php(24): Illuminate\\Database\\Connectors\\Connector->createConnection('mysql:host=127....', Array, Array)
#4 /home/fcs360online/public_html/vendor/laravel/framework/src/Illuminate/Database/Connectors/ConnectionFactory.php(184): Illuminate\\Database\\Connectors\\MySqlConnector->connect(Array)
#5 [internal function]: Illuminate\\Database\\Connectors\\ConnectionFactory->Illuminate\\Database\\Connectors\\{closure}()
#6 /home/fcs360online/public_html/vendor/laravel/framework/src/Illuminate/Database/Connection.php(949): call_user_func(Object(Closure))
#7 /home/fcs360online/public_html/vendor/laravel/framework/src/Illuminate/Database/Connection.php(984): Illuminate\\Database\\Connection->getPdo()
#8 /home/fcs360online/public_html/vendor/laravel/framework/src/Illuminate/Database/Connection.php(412): Illuminate\\Database\\Connection->getReadPdo()
#9 /home/fcs360online/public_html/vendor/laravel/framework/src/Illuminate/Database/Connection.php(338): Illuminate\\Database\\Connection->getPdoForSelect(true)
#10 /home/fcs360online/public_html/vendor/laravel/framework/src/Illuminate/Database/Connection.php(671): Illuminate\\Database\\Connection->Illuminate\\Database\\{closure}('select * from `...', Array)
#11 /home/fcs360online/public_html/vendor/laravel/framework/src/Illuminate/Database/Connection.php(638): Illuminate\\Database\\Connection->runQueryCallback('select * from `...', Array, Object(Closure))
#12 /home/fcs360online/public_html/vendor/laravel/framework/src/Illuminate/Database/Connection.php(346): Illuminate\\Database\\Connection->run('select * from `...', Array, Object(Closure))
#13 /home/fcs360online/public_html/vendor/laravel/framework/src/Illuminate/Database/Query/Builder.php(2315): Illuminate\\Database\\Connection->select('select * from `...', Array, true)
#14 /home/fcs360online/public_html/vendor/laravel/framework/src/Illuminate/Database/Query/Builder.php(2303): Illuminate\\Database\\Query\\Builder->runSelect()
#15 /home/fcs360online/public_html/vendor/laravel/framework/src/Illuminate/Database/Query/Builder.php(2867): Illuminate\\Database\\Query\\Builder->Illuminate\\Database\\Query\\{closure}()
#16 /home/fcs360online/public_html/vendor/laravel/framework/src/Illuminate/Database/Query/Builder.php(2304): Illuminate\\Database\\Query\\Builder->onceWithColumns(Array, Object(Closure))
#17 /home/fcs360online/public_html/vendor/laravel/framework/src/Illuminate/Database/Eloquent/Builder.php(598): Illuminate\\Database\\Query\\Builder->get(Array)
#18 /home/fcs360online/public_html/vendor/laravel/framework/src/Illuminate/Database/Eloquent/Builder.php(582): Illuminate\\Database\\Eloquent\\Builder->getModels(Array)
#19 /home/fcs360online/public_html/vendor/prettus/l5-repository/src/Prettus/Repository/Eloquent/BaseRepository.php(573): Illuminate\\Database\\Eloquent\\Builder->get(Array)
#20 /home/fcs360online/public_html/packages/Webkul/Core/src/Core.php(161): Prettus\\Repository\\Eloquent\\BaseRepository->findWhereIn('hostname', Array)
#21 /home/fcs360online/public_html/packages/Webkul/Core/src/Http/Middleware/CheckForMaintenanceMode.php(124): Webkul\\Core\\Core->getCurrentChannel()
#22 /home/fcs360online/public_html/packages/Webkul/Core/src/Http/Middleware/CheckForMaintenanceMode.php(56): Webkul\\Core\\Http\\Middleware\\CheckForMaintenanceMode->setAllowedIps()
#23 [internal function]: Webkul\\Core\\Http\\Middleware\\CheckForMaintenanceMode->__construct(Object(Illuminate\\Foundation\\Application))
#24 /home/fcs360online/public_html/vendor/laravel/framework/src/Illuminate/Container/Container.php(877): ReflectionClass->newInstanceArgs(Array)
#25 /home/fcs360online/public_html/vendor/laravel/framework/src/Illuminate/Container/Container.php(714): Illuminate\\Container\\Container->build('Webkul\\\\Core\\\\Htt...')
#26 /home/fcs360online/public_html/vendor/laravel/framework/src/Illuminate/Foundation/Application.php(841): Illuminate\\Container\\Container->resolve('Webkul\\\\Core\\\\Htt...', Array, true)
#27 /home/fcs360online/public_html/vendor/laravel/framework/src/Illuminate/Container/Container.php(652): Illuminate\\Foundation\\Application->resolve('Webkul\\\\Core\\\\Htt...', Array)
#28 /home/fcs360online/public_html/vendor/laravel/framework/src/Illuminate/Foundation/Application.php(826): Illuminate\\Container\\Container->make('Webkul\\\\Core\\\\Htt...', Array)
#29 /home/fcs360online/public_html/vendor/laravel/framework/src/Illuminate/Foundation/Http/Kernel.php(205): Illuminate\\Foundation\\Application->make('Webkul\\\\Core\\\\Htt...')
#30 /home/fcs360online/public_html/vendor/laravel/framework/src/Illuminate/Foundation/Http/Kernel.php(179): Illuminate\\Foundation\\Http\\Kernel->terminateMiddleware(Object(Illuminate\\Http\\Request), Object(Illuminate\\Http\\Response))
#31 /home/fcs360online/public_html/public/index.php(92): Illuminate\\Foundation\\Http\\Kernel->terminate(Object(Illuminate\\Http\\Request), Object(Illuminate\\Http\\Response))
#32 {main}

[previous exception] [object] (PDOException(code: 1045): SQLSTATE[HY000] [1045] Access denied for user 'root'@'localhost' (using password: NO) at /home/fcs360online/public_html/vendor/doctrine/dbal/lib/Doctrine/DBAL/Driver/PDOConnection.php:39)
[stacktrace]
#0 /home/fcs360online/public_html/vendor/doctrine/dbal/lib/Doctrine/DBAL/Driver/PDOConnection.php(39): PDO->__construct('mysql:host=127....', 'root', '', Array)
#1 /home/fcs360online/public_html/vendor/laravel/framework/src/Illuminate/Database/Connectors/Connector.php(67): Doctrine\\DBAL\\Driver\\PDOConnection->__construct('mysql:host=127....', 'root', '', Array)
#2 /home/fcs360online/public_html/vendor/laravel/framework/src/Illuminate/Database/Connectors/Connector.php(46): Illuminate\\Database\\Connectors\\Connector->createPdoConnection('mysql:host=127....', 'root', '', Array)
#3 /home/fcs360online/public_html/vendor/laravel/framework/src/Illuminate/Database/Connectors/MySqlConnector.php(24): Illuminate\\Database\\Connectors\\Connector->createConnection('mysql:host=127....', Array, Array)
#4 /home/fcs360online/public_html/vendor/laravel/framework/src/Illuminate/Database/Connectors/ConnectionFactory.php(184): Illuminate\\Database\\Connectors\\MySqlConnector->connect(Array)
#5 [internal function]: Illuminate\\Database\\Connectors\\ConnectionFactory->Illuminate\\Database\\Connectors\\{closure}()
#6 /home/fcs360online/public_html/vendor/laravel/framework/src/Illuminate/Database/Connection.php(949): call_user_func(Object(Closure))
#7 /home/fcs360online/public_html/vendor/laravel/framework/src/Illuminate/Database/Connection.php(984): Illuminate\\Database\\Connection->getPdo()
#8 /home/fcs360online/public_html/vendor/laravel/framework/src/Illuminate/Database/Connection.php(412): Illuminate\\Database\\Connection->getReadPdo()
#9 /home/fcs360online/public_html/vendor/laravel/framework/src/Illuminate/Database/Connection.php(338): Illuminate\\Database\\Connection->getPdoForSelect(true)
#10 /home/fcs360online/public_html/vendor/laravel/framework/src/Illuminate/Database/Connection.php(671): Illuminate\\Database\\Connection->Illuminate\\Database\\{closure}('select * from `...', Array)
#11 /home/fcs360online/public_html/vendor/laravel/framework/src/Illuminate/Database/Connection.php(638): Illuminate\\Database\\Connection->runQueryCallback('select * from `...', Array, Object(Closure))
#12 /home/fcs360online/public_html/vendor/laravel/framework/src/Illuminate/Database/Connection.php(346): Illuminate\\Database\\Connection->run('select * from `...', Array, Object(Closure))
#13 /home/fcs360online/public_html/vendor/laravel/framework/src/Illuminate/Database/Query/Builder.php(2315): Illuminate\\Database\\Connection->select('select * from `...', Array, true)
#14 /home/fcs360online/public_html/vendor/laravel/framework/src/Illuminate/Database/Query/Builder.php(2303): Illuminate\\Database\\Query\\Builder->runSelect()
#15 /home/fcs360online/public_html/vendor/laravel/framework/src/Illuminate/Database/Query/Builder.php(2867): Illuminate\\Database\\Query\\Builder->Illuminate\\Database\\Query\\{closure}()
#16 /home/fcs360online/public_html/vendor/laravel/framework/src/Illuminate/Database/Query/Builder.php(2304): Illuminate\\Database\\Query\\Builder->onceWithColumns(Array, Object(Closure))
#17 /home/fcs360online/public_html/vendor/laravel/framework/src/Illuminate/Database/Eloquent/Builder.php(598): Illuminate\\Database\\Query\\Builder->get(Array)
#18 /home/fcs360online/public_html/vendor/laravel/framework/src/Illuminate/Database/Eloquent/Builder.php(582): Illuminate\\Database\\Eloquent\\Builder->getModels(Array)
#19 /home/fcs360online/public_html/vendor/prettus/l5-repository/src/Prettus/Repository/Eloquent/BaseRepository.php(573): Illuminate\\Database\\Eloquent\\Builder->get(Array)
#20 /home/fcs360online/public_html/packages/Webkul/Core/src/Core.php(161): Prettus\\Repository\\Eloquent\\BaseRepository->findWhereIn('hostname', Array)
#21 /home/fcs360online/public_html/packages/Webkul/Core/src/Http/Middleware/CheckForMaintenanceMode.php(124): Webkul\\Core\\Core->getCurrentChannel()
#22 /home/fcs360online/public_html/packages/Webkul/Core/src/Http/Middleware/CheckForMaintenanceMode.php(56): Webkul\\Core\\Http\\Middleware\\CheckForMaintenanceMode->setAllowedIps()
#23 [internal function]: Webkul\\Core\\Http\\Middleware\\CheckForMaintenanceMode->__construct(Object(Illuminate\\Foundation\\Application))
#24 /home/fcs360online/public_html/vendor/laravel/framework/src/Illuminate/Container/Container.php(877): ReflectionClass->newInstanceArgs(Array)
#25 /home/fcs360online/public_html/vendor/laravel/framework/src/Illuminate/Container/Container.php(714): Illuminate\\Container\\Container->build('Webkul\\\\Core\\\\Htt...')
#26 /home/fcs360online/public_html/vendor/laravel/framework/src/Illuminate/Foundation/Application.php(841): Illuminate\\Container\\Container->resolve('Webkul\\\\Core\\\\Htt...', Array, true)
#27 /home/fcs360online/public_html/vendor/laravel/framework/src/Illuminate/Container/Container.php(652): Illuminate\\Foundation\\Application->resolve('Webkul\\\\Core\\\\Htt...', Array)
#28 /home/fcs360online/public_html/vendor/laravel/framework/src/Illuminate/Foundation/Application.php(826): Illuminate\\Container\\Container->make('Webkul\\\\Core\\\\Htt...', Array)
#29 /home/fcs360online/public_html/vendor/laravel/framework/src/Illuminate/Foundation/Http/Kernel.php(205): Illuminate\\Foundation\\Application->make('Webkul\\\\Core\\\\Htt...')
#30 /home/fcs360online/public_html/vendor/laravel/framework/src/Illuminate/Foundation/Http/Kernel.php(179): Illuminate\\Foundation\\Http\\Kernel->terminateMiddleware(Object(Illuminate\\Http\\Request), Object(Illuminate\\Http\\Response))
#31 /home/fcs360online/public_html/public/index.php(92): Illuminate\\Foundation\\Http\\Kernel->terminate(Object(Illuminate\\Http\\Request), Object(Illuminate\\Http\\Response))
#32 {main}
"} 
